<?xml version="1.0" encoding="utf-8"?>
<CoverageSession xmlns:xsd="http://www.w3.org/2001/XMLSchema" xmlns:xsi="http://www.w3.org/2001/XMLSchema-instance">
  <Summary numSequencePoints="479" visitedSequencePoints="246" numBranchPoints="172" visitedBranchPoints="79" sequenceCoverage="51.36" branchCoverage="45.93" maxCyclomaticComplexity="20" minCyclomaticComplexity="1" visitedClasses="16" numClasses="26" visitedMethods="29" numMethods="66" />
  <Modules>
    <Module hash="0D-67-AD-9B-54-D4-7A-C3-0A-99-C0-01-35-BA-A5-33-08-1A-3C-57">
      <Summary numSequencePoints="479" visitedSequencePoints="246" numBranchPoints="172" visitedBranchPoints="79" sequenceCoverage="51.36" branchCoverage="45.93" maxCyclomaticComplexity="20" minCyclomaticComplexity="1" visitedClasses="16" numClasses="26" visitedMethods="29" numMethods="66" />
      <ModulePath>C:\Users\atom\Source\Repos\VisualStudio\test\GitHub.Api.UnitTests\bin\Debug\GitHub.Api.dll</ModulePath>
      <ModuleTime>2018-08-31T04:01:10.343241Z</ModuleTime>
      <ModuleName>GitHub.Api</ModuleName>
      <Files>
        <File uid="1" fullPath="C:\Users\atom\Source\Repos\VisualStudio\src\GitHub.Api\ApiClientConfiguration.cs" />
        <File uid="2" fullPath="C:\Users\atom\Source\Repos\VisualStudio\script\src\ApiClientConfiguration_User.cs" />
        <File uid="4" fullPath="C:\Users\atom\Source\Repos\VisualStudio\src\GitHub.Api\GraphQLKeychainCredentialStore.cs" />
        <File uid="6" fullPath="C:\Users\atom\Source\Repos\VisualStudio\src\GitHub.Api\GraphQLClientFactory.cs" />
        <File uid="7" fullPath="C:\Users\atom\Source\Repos\VisualStudio\src\GitHub.Api\IncorrectScopesException.cs" />
        <File uid="8" fullPath="C:\Users\atom\Source\Repos\VisualStudio\src\GitHub.Api\LoginManager.cs" />
        <File uid="18" fullPath="C:\Users\atom\Source\Repos\VisualStudio\src\GitHub.Api\KeychainCredentialStore.cs" />
        <File uid="20" fullPath="C:\Users\atom\Source\Repos\VisualStudio\src\GitHub.Api\WindowsKeychain.cs" />
        <File uid="21" fullPath="C:\Users\atom\Source\Repos\VisualStudio\src\GitHub.Api\SimpleApiClient.cs" />
        <File uid="27" fullPath="C:\Users\atom\Source\Repos\VisualStudio\src\GitHub.Api\SimpleApiClientFactory.cs" />
      </Files>
      <Classes>
        <Class>
          <Summary numSequencePoints="49" visitedSequencePoints="0" numBranchPoints="14" visitedBranchPoints="0" sequenceCoverage="0" branchCoverage="0" maxCyclomaticComplexity="6" minCyclomaticComplexity="1" visitedClasses="0" numClasses="1" visitedMethods="0" numMethods="12" />
          <FullName>GitHub.Api.ApiClientConfiguration</FullName>
          <Methods>
            <Method visited="false" cyclomaticComplexity="1" nPathComplexity="0" sequenceCoverage="0" branchCoverage="0" isConstructor="false" isStatic="true" isGetter="true" isSetter="false">
              <Summary numSequencePoints="1" visitedSequencePoints="0" numBranchPoints="1" visitedBranchPoints="0" sequenceCoverage="0" branchCoverage="0" maxCyclomaticComplexity="1" minCyclomaticComplexity="1" visitedClasses="0" numClasses="0" visitedMethods="0" numMethods="1" />
              <MetadataToken>100663298</MetadataToken>
              <Name>System.String GitHub.Api.ApiClientConfiguration::get_ClientId()</Name>
              <FileRef uid="1" />
              <SequencePoints>
                <SequencePoint vc="0" uspid="1" ordinal="0" offset="0" sl="28" sc="41" el="28" ec="45" bec="0" bev="0" fileid="1" />
              </SequencePoints>
              <BranchPoints />
              <MethodPoint xsi:type="SequencePoint" vc="0" uspid="1" ordinal="0" offset="0" sl="28" sc="41" el="28" ec="45" bec="0" bev="0" fileid="1" />
            </Method>
            <Method visited="false" cyclomaticComplexity="1" nPathComplexity="0" sequenceCoverage="0" branchCoverage="0" isConstructor="false" isStatic="true" isGetter="false" isSetter="true">
              <Summary numSequencePoints="1" visitedSequencePoints="0" numBranchPoints="1" visitedBranchPoints="0" sequenceCoverage="0" branchCoverage="0" maxCyclomaticComplexity="1" minCyclomaticComplexity="1" visitedClasses="0" numClasses="0" visitedMethods="0" numMethods="1" />
              <MetadataToken>100663299</MetadataToken>
              <Name>System.Void GitHub.Api.ApiClientConfiguration::set_ClientId(System.String)</Name>
              <FileRef uid="1" />
              <SequencePoints>
                <SequencePoint vc="0" uspid="2" ordinal="0" offset="0" sl="28" sc="46" el="28" ec="58" bec="0" bev="0" fileid="1" />
              </SequencePoints>
              <BranchPoints />
              <MethodPoint xsi:type="SequencePoint" vc="0" uspid="2" ordinal="0" offset="0" sl="28" sc="46" el="28" ec="58" bec="0" bev="0" fileid="1" />
            </Method>
            <Method visited="false" cyclomaticComplexity="1" nPathComplexity="0" sequenceCoverage="0" branchCoverage="0" isConstructor="false" isStatic="true" isGetter="true" isSetter="false">
              <Summary numSequencePoints="1" visitedSequencePoints="0" numBranchPoints="1" visitedBranchPoints="0" sequenceCoverage="0" branchCoverage="0" maxCyclomaticComplexity="1" minCyclomaticComplexity="1" visitedClasses="0" numClasses="0" visitedMethods="0" numMethods="1" />
              <MetadataToken>100663300</MetadataToken>
              <Name>System.String GitHub.Api.ApiClientConfiguration::get_ClientSecret()</Name>
              <FileRef uid="1" />
              <SequencePoints>
                <SequencePoint vc="0" uspid="3" ordinal="0" offset="0" sl="33" sc="45" el="33" ec="49" bec="0" bev="0" fileid="1" />
              </SequencePoints>
              <BranchPoints />
              <MethodPoint xsi:type="SequencePoint" vc="0" uspid="3" ordinal="0" offset="0" sl="33" sc="45" el="33" ec="49" bec="0" bev="0" fileid="1" />
            </Method>
            <Method visited="false" cyclomaticComplexity="1" nPathComplexity="0" sequenceCoverage="0" branchCoverage="0" isConstructor="false" isStatic="true" isGetter="false" isSetter="true">
              <Summary numSequencePoints="1" visitedSequencePoints="0" numBranchPoints="1" visitedBranchPoints="0" sequenceCoverage="0" branchCoverage="0" maxCyclomaticComplexity="1" minCyclomaticComplexity="1" visitedClasses="0" numClasses="0" visitedMethods="0" numMethods="1" />
              <MetadataToken>100663301</MetadataToken>
              <Name>System.Void GitHub.Api.ApiClientConfiguration::set_ClientSecret(System.String)</Name>
              <FileRef uid="1" />
              <SequencePoints>
                <SequencePoint vc="0" uspid="4" ordinal="0" offset="0" sl="33" sc="50" el="33" ec="62" bec="0" bev="0" fileid="1" />
              </SequencePoints>
              <BranchPoints />
              <MethodPoint xsi:type="SequencePoint" vc="0" uspid="4" ordinal="0" offset="0" sl="33" sc="50" el="33" ec="62" bec="0" bev="0" fileid="1" />
            </Method>
            <Method visited="false" cyclomaticComplexity="1" nPathComplexity="0" sequenceCoverage="0" branchCoverage="0" isConstructor="false" isStatic="true" isGetter="true" isSetter="false">
              <Summary numSequencePoints="1" visitedSequencePoints="0" numBranchPoints="1" visitedBranchPoints="0" sequenceCoverage="0" branchCoverage="0" maxCyclomaticComplexity="1" minCyclomaticComplexity="1" visitedClasses="0" numClasses="0" visitedMethods="0" numMethods="1" />
              <MetadataToken>100663302</MetadataToken>
              <Name>System.Collections.Generic.IReadOnlyList`1&lt;System.String&gt; GitHub.Api.ApiClientConfiguration::get_RequiredScopes()</Name>
              <FileRef uid="1" />
              <SequencePoints>
                <SequencePoint vc="0" uspid="5" ordinal="0" offset="0" sl="38" sc="62" el="38" ec="66" bec="0" bev="0" fileid="1" />
              </SequencePoints>
              <BranchPoints />
              <MethodPoint xsi:type="SequencePoint" vc="0" uspid="5" ordinal="0" offset="0" sl="38" sc="62" el="38" ec="66" bec="0" bev="0" fileid="1" />
            </Method>
            <Method visited="false" cyclomaticComplexity="1" nPathComplexity="0" sequenceCoverage="0" branchCoverage="0" isConstructor="false" isStatic="true" isGetter="true" isSetter="false">
              <Summary numSequencePoints="3" visitedSequencePoints="0" numBranchPoints="1" visitedBranchPoints="0" sequenceCoverage="0" branchCoverage="0" maxCyclomaticComplexity="1" minCyclomaticComplexity="1" visitedClasses="0" numClasses="0" visitedMethods="0" numMethods="1" />
              <MetadataToken>100663303</MetadataToken>
              <Name>System.String GitHub.Api.ApiClientConfiguration::get_AuthorizationNote()</Name>
              <FileRef uid="1" />
              <SequencePoints>
                <SequencePoint vc="0" uspid="6" ordinal="0" offset="0" sl="45" sc="17" el="45" ec="18" bec="0" bev="0" fileid="1" />
                <SequencePoint vc="0" uspid="7" ordinal="1" offset="1" sl="45" sc="19" el="45" ec="102" bec="0" bev="0" fileid="1" />
                <SequencePoint vc="0" uspid="8" ordinal="2" offset="19" sl="45" sc="103" el="45" ec="104" bec="0" bev="0" fileid="1" />
              </SequencePoints>
              <BranchPoints />
              <MethodPoint xsi:type="SequencePoint" vc="0" uspid="6" ordinal="0" offset="0" sl="45" sc="17" el="45" ec="18" bec="0" bev="0" fileid="1" />
            </Method>
            <Method visited="false" cyclomaticComplexity="1" nPathComplexity="0" sequenceCoverage="0" branchCoverage="0" isConstructor="false" isStatic="true" isGetter="true" isSetter="false">
              <Summary numSequencePoints="3" visitedSequencePoints="0" numBranchPoints="1" visitedBranchPoints="0" sequenceCoverage="0" branchCoverage="0" maxCyclomaticComplexity="1" minCyclomaticComplexity="1" visitedClasses="0" numClasses="0" visitedMethods="0" numMethods="1" />
              <MetadataToken>100663304</MetadataToken>
              <Name>System.String GitHub.Api.ApiClientConfiguration::get_MachineFingerprint()</Name>
              <FileRef uid="1" />
              <SequencePoints>
                <SequencePoint vc="0" uspid="9" ordinal="0" offset="0" sl="55" sc="13" el="55" ec="14" bec="0" bev="0" fileid="1" />
                <SequencePoint vc="0" uspid="10" ordinal="1" offset="1" sl="56" sc="17" el="59" ec="43" bec="0" bev="0" fileid="1" />
                <SequencePoint vc="0" uspid="11" ordinal="2" offset="34" sl="60" sc="13" el="60" ec="14" bec="0" bev="0" fileid="1" />
              </SequencePoints>
              <BranchPoints />
              <MethodPoint xsi:type="SequencePoint" vc="0" uspid="9" ordinal="0" offset="0" sl="55" sc="13" el="55" ec="14" bec="0" bev="0" fileid="1" />
            </Method>
            <Method visited="false" cyclomaticComplexity="1" nPathComplexity="0" sequenceCoverage="0" branchCoverage="0" isConstructor="true" isStatic="true" isGetter="false" isSetter="false">
              <Summary numSequencePoints="4" visitedSequencePoints="0" numBranchPoints="1" visitedBranchPoints="0" sequenceCoverage="0" branchCoverage="0" maxCyclomaticComplexity="1" minCyclomaticComplexity="1" visitedClasses="0" numClasses="0" visitedMethods="0" numMethods="1" />
              <MetadataToken>100663297</MetadataToken>
              <Name>System.Void GitHub.Api.ApiClientConfiguration::.cctor()</Name>
              <FileRef uid="1" />
              <SequencePoints>
                <SequencePoint vc="0" uspid="12" ordinal="0" offset="0" sl="38" sc="71" el="38" ec="123" bec="0" bev="0" fileid="1" />
                <SequencePoint vc="0" uspid="13" ordinal="1" offset="43" sl="21" sc="9" el="21" ec="10" bec="0" bev="0" fileid="1" />
                <SequencePoint vc="0" uspid="14" ordinal="2" offset="44" sl="22" sc="13" el="22" ec="25" bec="0" bev="0" fileid="1" />
                <SequencePoint vc="0" uspid="15" ordinal="3" offset="50" sl="23" sc="9" el="23" ec="10" bec="0" bev="0" fileid="1" />
              </SequencePoints>
              <BranchPoints />
              <MethodPoint xsi:type="SequencePoint" vc="0" uspid="12" ordinal="0" offset="0" sl="38" sc="71" el="38" ec="123" bec="0" bev="0" fileid="1" />
            </Method>
            <Method visited="false" cyclomaticComplexity="1" nPathComplexity="0" sequenceCoverage="0" branchCoverage="0" isConstructor="false" isStatic="true" isGetter="false" isSetter="false">
              <Summary numSequencePoints="4" visitedSequencePoints="0" numBranchPoints="1" visitedBranchPoints="0" sequenceCoverage="0" branchCoverage="0" maxCyclomaticComplexity="1" minCyclomaticComplexity="1" visitedClasses="0" numClasses="0" visitedMethods="0" numMethods="1" />
              <MetadataToken>100663305</MetadataToken>
              <Name>System.Void GitHub.Api.ApiClientConfiguration::Configure()</Name>
              <FileRef uid="2" />
              <SequencePoints>
                <SequencePoint vc="0" uspid="16" ordinal="0" offset="0" sl="9" sc="9" el="9" ec="10" bec="0" bev="0" fileid="2" />
                <SequencePoint vc="0" uspid="17" ordinal="1" offset="1" sl="10" sc="13" el="10" ec="33" bec="0" bev="0" fileid="2" />
                <SequencePoint vc="0" uspid="18" ordinal="2" offset="12" sl="11" sc="13" el="11" ec="41" bec="0" bev="0" fileid="2" />
                <SequencePoint vc="0" uspid="19" ordinal="3" offset="23" sl="12" sc="9" el="12" ec="10" bec="0" bev="0" fileid="2" />
              </SequencePoints>
              <BranchPoints />
              <MethodPoint xsi:type="SequencePoint" vc="0" uspid="16" ordinal="0" offset="0" sl="9" sc="9" el="9" ec="10" bec="0" bev="0" fileid="2" />
            </Method>
            <Method visited="false" cyclomaticComplexity="6" nPathComplexity="2" sequenceCoverage="0" branchCoverage="0" isConstructor="false" isStatic="true" isGetter="false" isSetter="false">
              <Summary numSequencePoints="8" visitedSequencePoints="0" numBranchPoints="3" visitedBranchPoints="0" sequenceCoverage="0" branchCoverage="0" maxCyclomaticComplexity="6" minCyclomaticComplexity="6" visitedClasses="0" numClasses="0" visitedMethods="0" numMethods="1" />
              <MetadataToken>100663306</MetadataToken>
              <Name>System.String GitHub.Api.ApiClientConfiguration::GetMachineIdentifier()</Name>
              <FileRef uid="1" />
              <SequencePoints>
                <SequencePoint vc="0" uspid="20" ordinal="0" offset="0" sl="66" sc="9" el="66" ec="10" bec="0" bev="0" fileid="1" />
                <SequencePoint vc="0" uspid="21" ordinal="1" offset="1" sl="68" sc="13" el="68" ec="14" bec="0" bev="0" fileid="1" />
                <SequencePoint vc="0" uspid="22" ordinal="2" offset="2" sl="70" sc="17" el="74" ec="70" bec="0" bev="0" fileid="1" />
                <SequencePoint vc="0" uspid="23" ordinal="3" offset="152" sl="76" sc="17" el="76" ec="77" bec="2" bev="0" fileid="1" />
                <SequencePoint vc="0" uspid="24" ordinal="4" offset="165" sl="78" sc="13" el="78" ec="30" bec="0" bev="0" fileid="1" />
                <SequencePoint vc="0" uspid="25" ordinal="5" offset="166" sl="79" sc="13" el="79" ec="14" bec="0" bev="0" fileid="1" />
                <SequencePoint vc="0" uspid="26" ordinal="6" offset="167" sl="81" sc="17" el="81" ec="45" bec="0" bev="0" fileid="1" />
                <SequencePoint vc="0" uspid="27" ordinal="7" offset="175" sl="83" sc="9" el="83" ec="10" bec="0" bev="0" fileid="1" />
              </SequencePoints>
              <BranchPoints>
                <BranchPoint vc="0" uspid="36" ordinal="8" offset="154" sl="76" path="0" offsetend="156" fileid="1" />
                <BranchPoint vc="0" uspid="37" ordinal="9" offset="154" sl="76" path="1" offsetend="162" fileid="1" />
              </BranchPoints>
              <MethodPoint xsi:type="SequencePoint" vc="0" uspid="20" ordinal="0" offset="0" sl="66" sc="9" el="66" ec="10" bec="0" bev="0" fileid="1" />
            </Method>
            <Method visited="false" cyclomaticComplexity="1" nPathComplexity="0" sequenceCoverage="0" branchCoverage="0" isConstructor="false" isStatic="true" isGetter="false" isSetter="false">
              <Summary numSequencePoints="11" visitedSequencePoints="0" numBranchPoints="1" visitedBranchPoints="0" sequenceCoverage="0" branchCoverage="0" maxCyclomaticComplexity="1" minCyclomaticComplexity="1" visitedClasses="0" numClasses="0" visitedMethods="0" numMethods="1" />
              <MetadataToken>100663307</MetadataToken>
              <Name>System.String GitHub.Api.ApiClientConfiguration::GetMachineNameSafe()</Name>
              <FileRef uid="1" />
              <SequencePoints>
                <SequencePoint vc="0" uspid="38" ordinal="0" offset="0" sl="86" sc="9" el="86" ec="10" bec="0" bev="0" fileid="1" />
                <SequencePoint vc="0" uspid="39" ordinal="1" offset="1" sl="88" sc="13" el="88" ec="14" bec="0" bev="0" fileid="1" />
                <SequencePoint vc="0" uspid="40" ordinal="2" offset="2" sl="89" sc="17" el="89" ec="42" bec="0" bev="0" fileid="1" />
                <SequencePoint vc="0" uspid="41" ordinal="3" offset="10" sl="91" sc="13" el="91" ec="30" bec="0" bev="0" fileid="1" />
                <SequencePoint vc="0" uspid="42" ordinal="4" offset="11" sl="92" sc="13" el="92" ec="14" bec="0" bev="0" fileid="1" />
                <SequencePoint vc="0" uspid="43" ordinal="5" offset="12" sl="96" sc="17" el="96" ec="18" bec="0" bev="0" fileid="1" />
                <SequencePoint vc="0" uspid="44" ordinal="6" offset="13" sl="97" sc="21" el="97" ec="52" bec="0" bev="0" fileid="1" />
                <SequencePoint vc="0" uspid="45" ordinal="7" offset="21" sl="99" sc="17" el="99" ec="34" bec="0" bev="0" fileid="1" />
                <SequencePoint vc="0" uspid="46" ordinal="8" offset="22" sl="100" sc="17" el="100" ec="18" bec="0" bev="0" fileid="1" />
                <SequencePoint vc="0" uspid="47" ordinal="9" offset="23" sl="102" sc="21" el="102" ec="40" bec="0" bev="0" fileid="1" />
                <SequencePoint vc="0" uspid="48" ordinal="10" offset="31" sl="105" sc="9" el="105" ec="10" bec="0" bev="0" fileid="1" />
              </SequencePoints>
              <BranchPoints />
              <MethodPoint xsi:type="SequencePoint" vc="0" uspid="38" ordinal="0" offset="0" sl="86" sc="9" el="86" ec="10" bec="0" bev="0" fileid="1" />
            </Method>
            <Method visited="false" cyclomaticComplexity="3" nPathComplexity="0" sequenceCoverage="0" branchCoverage="0" isConstructor="false" isStatic="true" isGetter="false" isSetter="false">
              <Summary numSequencePoints="11" visitedSequencePoints="0" numBranchPoints="1" visitedBranchPoints="0" sequenceCoverage="0" branchCoverage="0" maxCyclomaticComplexity="3" minCyclomaticComplexity="3" visitedClasses="0" numClasses="0" visitedMethods="0" numMethods="1" />
              <MetadataToken>100663308</MetadataToken>
              <Name>System.String GitHub.Api.ApiClientConfiguration::GetSha256Hash(System.String)</Name>
              <FileRef uid="1" />
              <SequencePoints>
                <SequencePoint vc="0" uspid="49" ordinal="0" offset="0" sl="108" sc="9" el="108" ec="10" bec="0" bev="0" fileid="1" />
                <SequencePoint vc="0" uspid="50" ordinal="1" offset="1" sl="110" sc="13" el="110" ec="14" bec="0" bev="0" fileid="1" />
                <SequencePoint vc="0" uspid="51" ordinal="2" offset="2" sl="111" sc="24" el="111" ec="52" bec="0" bev="0" fileid="1" />
                <SequencePoint vc="0" uspid="52" ordinal="3" offset="8" sl="112" sc="17" el="112" ec="18" bec="0" bev="0" fileid="1" />
                <SequencePoint vc="0" uspid="53" ordinal="4" offset="9" sl="113" sc="21" el="113" ec="63" bec="0" bev="0" fileid="1" />
                <SequencePoint vc="0" uspid="54" ordinal="5" offset="21" sl="114" sc="21" el="114" ec="58" bec="0" bev="0" fileid="1" />
                <SequencePoint vc="0" uspid="55" ordinal="6" offset="29" sl="116" sc="21" el="116" ec="110" bec="0" bev="0" fileid="1" />
                <SequencePoint vc="0" uspid="56" ordinal="7" offset="90" sl="119" sc="13" el="119" ec="30" bec="0" bev="0" fileid="1" />
                <SequencePoint vc="0" uspid="57" ordinal="8" offset="91" sl="120" sc="13" el="120" ec="14" bec="0" bev="0" fileid="1" />
                <SequencePoint vc="0" uspid="58" ordinal="9" offset="92" sl="122" sc="17" el="122" ec="29" bec="0" bev="0" fileid="1" />
                <SequencePoint vc="0" uspid="59" ordinal="10" offset="96" sl="124" sc="9" el="124" ec="10" bec="0" bev="0" fileid="1" />
              </SequencePoints>
              <BranchPoints />
              <MethodPoint xsi:type="SequencePoint" vc="0" uspid="49" ordinal="0" offset="0" sl="108" sc="9" el="108" ec="10" bec="0" bev="0" fileid="1" />
            </Method>
          </Methods>
        </Class>
        <Class>
          <Summary numSequencePoints="5" visitedSequencePoints="0" numBranchPoints="5" visitedBranchPoints="0" sequenceCoverage="0" branchCoverage="0" maxCyclomaticComplexity="1" minCyclomaticComplexity="1" visitedClasses="0" numClasses="1" visitedMethods="0" numMethods="5" />
          <FullName>GitHub.Api.ApiClientConfiguration/&lt;&gt;c</FullName>
          <Methods>
            <Method visited="false" cyclomaticComplexity="1" nPathComplexity="0" sequenceCoverage="0" branchCoverage="0" isConstructor="true" isStatic="true" isGetter="false" isSetter="false">
              <Summary numSequencePoints="0" visitedSequencePoints="0" numBranchPoints="0" visitedBranchPoints="0" sequenceCoverage="0" branchCoverage="0" maxCyclomaticComplexity="1" minCyclomaticComplexity="1" visitedClasses="0" numClasses="0" visitedMethods="0" numMethods="0" />
              <MetadataToken>100663370</MetadataToken>
              <Name>System.Void GitHub.Api.ApiClientConfiguration/&lt;&gt;c::.cctor()</Name>
              <SequencePoints />
              <BranchPoints />
              <MethodPoint vc="0" uspid="62" ordinal="0" offset="0" />
            </Method>
            <Method visited="false" cyclomaticComplexity="1" nPathComplexity="0" sequenceCoverage="0" branchCoverage="0" isConstructor="true" isStatic="false" isGetter="false" isSetter="false">
              <Summary numSequencePoints="0" visitedSequencePoints="0" numBranchPoints="0" visitedBranchPoints="0" sequenceCoverage="0" branchCoverage="0" maxCyclomaticComplexity="1" minCyclomaticComplexity="1" visitedClasses="0" numClasses="0" visitedMethods="0" numMethods="0" />
              <MetadataToken>100663371</MetadataToken>
              <Name>System.Void GitHub.Api.ApiClientConfiguration/&lt;&gt;c::.ctor()</Name>
              <SequencePoints />
              <BranchPoints />
              <MethodPoint vc="0" uspid="63" ordinal="0" offset="0" />
            </Method>
            <Method visited="false" cyclomaticComplexity="1" nPathComplexity="0" sequenceCoverage="0" branchCoverage="0" isConstructor="false" isStatic="false" isGetter="false" isSetter="false">
              <Summary numSequencePoints="1" visitedSequencePoints="0" numBranchPoints="1" visitedBranchPoints="0" sequenceCoverage="0" branchCoverage="0" maxCyclomaticComplexity="1" minCyclomaticComplexity="1" visitedClasses="0" numClasses="0" visitedMethods="0" numMethods="1" />
              <MetadataToken>100663372</MetadataToken>
              <Name>System.Int64 GitHub.Api.ApiClientConfiguration/&lt;&gt;c::&lt;GetMachineIdentifier&gt;b__17_0(System.Net.NetworkInformation.NetworkInterface)</Name>
              <FileRef uid="1" />
              <SequencePoints>
                <SequencePoint vc="0" uspid="64" ordinal="0" offset="0" sl="71" sc="47" el="71" ec="56" bec="0" bev="0" fileid="1" />
              </SequencePoints>
              <BranchPoints />
              <MethodPoint xsi:type="SequencePoint" vc="0" uspid="64" ordinal="0" offset="0" sl="71" sc="47" el="71" ec="56" bec="0" bev="0" fileid="1" />
            </Method>
            <Method visited="false" cyclomaticComplexity="1" nPathComplexity="0" sequenceCoverage="0" branchCoverage="0" isConstructor="false" isStatic="false" isGetter="false" isSetter="false">
              <Summary numSequencePoints="1" visitedSequencePoints="0" numBranchPoints="1" visitedBranchPoints="0" sequenceCoverage="0" branchCoverage="0" maxCyclomaticComplexity="1" minCyclomaticComplexity="1" visitedClasses="0" numClasses="0" visitedMethods="0" numMethods="1" />
              <MetadataToken>100663373</MetadataToken>
              <Name>System.Boolean GitHub.Api.ApiClientConfiguration/&lt;&gt;c::&lt;GetMachineIdentifier&gt;b__17_1(System.Net.NetworkInformation.NetworkInterface)</Name>
              <FileRef uid="1" />
              <SequencePoints>
                <SequencePoint vc="0" uspid="65" ordinal="0" offset="0" sl="72" sc="35" el="72" ec="80" bec="0" bev="0" fileid="1" />
              </SequencePoints>
              <BranchPoints />
              <MethodPoint xsi:type="SequencePoint" vc="0" uspid="65" ordinal="0" offset="0" sl="72" sc="35" el="72" ec="80" bec="0" bev="0" fileid="1" />
            </Method>
            <Method visited="false" cyclomaticComplexity="1" nPathComplexity="0" sequenceCoverage="0" branchCoverage="0" isConstructor="false" isStatic="false" isGetter="false" isSetter="false">
              <Summary numSequencePoints="1" visitedSequencePoints="0" numBranchPoints="1" visitedBranchPoints="0" sequenceCoverage="0" branchCoverage="0" maxCyclomaticComplexity="1" minCyclomaticComplexity="1" visitedClasses="0" numClasses="0" visitedMethods="0" numMethods="1" />
              <MetadataToken>100663374</MetadataToken>
              <Name>System.String GitHub.Api.ApiClientConfiguration/&lt;&gt;c::&lt;GetMachineIdentifier&gt;b__17_2(System.Net.NetworkInformation.NetworkInterface)</Name>
              <FileRef uid="1" />
              <SequencePoints>
                <SequencePoint vc="0" uspid="66" ordinal="0" offset="0" sl="73" sc="36" el="73" ec="71" bec="0" bev="0" fileid="1" />
              </SequencePoints>
              <BranchPoints />
              <MethodPoint xsi:type="SequencePoint" vc="0" uspid="66" ordinal="0" offset="0" sl="73" sc="36" el="73" ec="71" bec="0" bev="0" fileid="1" />
            </Method>
            <Method visited="false" cyclomaticComplexity="1" nPathComplexity="0" sequenceCoverage="0" branchCoverage="0" isConstructor="false" isStatic="false" isGetter="false" isSetter="false">
              <Summary numSequencePoints="1" visitedSequencePoints="0" numBranchPoints="1" visitedBranchPoints="0" sequenceCoverage="0" branchCoverage="0" maxCyclomaticComplexity="1" minCyclomaticComplexity="1" visitedClasses="0" numClasses="0" visitedMethods="0" numMethods="1" />
              <MetadataToken>100663375</MetadataToken>
              <Name>System.Boolean GitHub.Api.ApiClientConfiguration/&lt;&gt;c::&lt;GetMachineIdentifier&gt;b__17_3(System.String)</Name>
              <FileRef uid="1" />
              <SequencePoints>
                <SequencePoint vc="0" uspid="67" ordinal="0" offset="0" sl="74" sc="48" el="74" ec="68" bec="0" bev="0" fileid="1" />
              </SequencePoints>
              <BranchPoints />
              <MethodPoint xsi:type="SequencePoint" vc="0" uspid="67" ordinal="0" offset="0" sl="74" sc="48" el="74" ec="68" bec="0" bev="0" fileid="1" />
            </Method>
            <Method visited="false" cyclomaticComplexity="1" nPathComplexity="0" sequenceCoverage="0" branchCoverage="0" isConstructor="false" isStatic="false" isGetter="false" isSetter="false">
              <Summary numSequencePoints="1" visitedSequencePoints="0" numBranchPoints="1" visitedBranchPoints="0" sequenceCoverage="0" branchCoverage="0" maxCyclomaticComplexity="1" minCyclomaticComplexity="1" visitedClasses="0" numClasses="0" visitedMethods="0" numMethods="1" />
              <MetadataToken>100663376</MetadataToken>
              <Name>System.String GitHub.Api.ApiClientConfiguration/&lt;&gt;c::&lt;GetSha256Hash&gt;b__19_0(System.Byte)</Name>
              <FileRef uid="1" />
              <SequencePoints>
                <SequencePoint vc="0" uspid="68" ordinal="0" offset="0" sl="116" sc="61" el="116" ec="107" bec="0" bev="0" fileid="1" />
              </SequencePoints>
              <BranchPoints />
              <MethodPoint xsi:type="SequencePoint" vc="0" uspid="68" ordinal="0" offset="0" sl="116" sc="61" el="116" ec="107" bec="0" bev="0" fileid="1" />
            </Method>
          </Methods>
        </Class>
        <Class>
          <Summary numSequencePoints="7" visitedSequencePoints="0" numBranchPoints="1" visitedBranchPoints="0" sequenceCoverage="0" branchCoverage="0" maxCyclomaticComplexity="1" minCyclomaticComplexity="1" visitedClasses="0" numClasses="1" visitedMethods="0" numMethods="1" />
          <FullName>GitHub.Api.GraphQLKeychainCredentialStore</FullName>
          <Methods>
            <Method visited="false" cyclomaticComplexity="1" nPathComplexity="0" sequenceCoverage="0" branchCoverage="0" isConstructor="true" isStatic="false" isGetter="false" isSetter="false">
              <Summary numSequencePoints="7" visitedSequencePoints="0" numBranchPoints="1" visitedBranchPoints="0" sequenceCoverage="0" branchCoverage="0" maxCyclomaticComplexity="1" minCyclomaticComplexity="1" visitedClasses="0" numClasses="0" visitedMethods="0" numMethods="1" />
              <MetadataToken>100663309</MetadataToken>
              <Name>System.Void GitHub.Api.GraphQLKeychainCredentialStore::.ctor(GitHub.Api.IKeychain,GitHub.Primitives.HostAddress)</Name>
              <FileRef uid="4" />
              <SequencePoints>
                <SequencePoint vc="0" uspid="69" ordinal="0" offset="0" sl="18" sc="9" el="18" ec="87" bec="0" bev="0" fileid="4" />
                <SequencePoint vc="0" uspid="70" ordinal="1" offset="7" sl="19" sc="9" el="19" ec="10" bec="0" bev="0" fileid="4" />
                <SequencePoint vc="0" uspid="71" ordinal="2" offset="8" sl="20" sc="13" el="20" ec="63" bec="0" bev="0" fileid="4" />
                <SequencePoint vc="0" uspid="72" ordinal="3" offset="20" sl="21" sc="13" el="21" ec="62" bec="0" bev="0" fileid="4" />
                <SequencePoint vc="0" uspid="73" ordinal="4" offset="32" sl="23" sc="13" el="23" ec="38" bec="0" bev="0" fileid="4" />
                <SequencePoint vc="0" uspid="74" ordinal="5" offset="39" sl="24" sc="13" el="24" ec="36" bec="0" bev="0" fileid="4" />
                <SequencePoint vc="0" uspid="75" ordinal="6" offset="46" sl="25" sc="9" el="25" ec="10" bec="0" bev="0" fileid="4" />
              </SequencePoints>
              <BranchPoints />
              <MethodPoint xsi:type="SequencePoint" vc="0" uspid="69" ordinal="0" offset="0" sl="18" sc="9" el="18" ec="87" bec="0" bev="0" fileid="4" />
            </Method>
            <Method visited="false" cyclomaticComplexity="1" nPathComplexity="0" sequenceCoverage="0" branchCoverage="0" isConstructor="false" isStatic="false" isGetter="false" isSetter="false">
              <Summary numSequencePoints="0" visitedSequencePoints="0" numBranchPoints="0" visitedBranchPoints="0" sequenceCoverage="0" branchCoverage="0" maxCyclomaticComplexity="1" minCyclomaticComplexity="1" visitedClasses="0" numClasses="0" visitedMethods="0" numMethods="0" />
              <MetadataToken>100663310</MetadataToken>
              <Name>System.Threading.Tasks.Task`1&lt;System.String&gt; GitHub.Api.GraphQLKeychainCredentialStore::GetCredentials(System.Threading.CancellationToken)</Name>
              <SequencePoints />
              <BranchPoints />
              <MethodPoint vc="0" uspid="76" ordinal="0" offset="0" />
            </Method>
          </Methods>
        </Class>
        <Class>
          <Summary numSequencePoints="3" visitedSequencePoints="0" numBranchPoints="3" visitedBranchPoints="0" sequenceCoverage="0" branchCoverage="0" maxCyclomaticComplexity="5" minCyclomaticComplexity="1" visitedClasses="0" numClasses="1" visitedMethods="0" numMethods="1" />
          <FullName>GitHub.Api.GraphQLKeychainCredentialStore/&lt;GetCredentials&gt;d__3</FullName>
          <Methods>
            <Method visited="false" cyclomaticComplexity="1" nPathComplexity="0" sequenceCoverage="0" branchCoverage="0" isConstructor="true" isStatic="false" isGetter="false" isSetter="false">
              <Summary numSequencePoints="0" visitedSequencePoints="0" numBranchPoints="0" visitedBranchPoints="0" sequenceCoverage="0" branchCoverage="0" maxCyclomaticComplexity="1" minCyclomaticComplexity="1" visitedClasses="0" numClasses="0" visitedMethods="0" numMethods="0" />
              <MetadataToken>100663377</MetadataToken>
              <Name>System.Void GitHub.Api.GraphQLKeychainCredentialStore/&lt;GetCredentials&gt;d__3::.ctor()</Name>
              <SequencePoints />
              <BranchPoints />
              <MethodPoint vc="0" uspid="77" ordinal="0" offset="0" />
            </Method>
            <Method visited="false" cyclomaticComplexity="5" nPathComplexity="2" sequenceCoverage="0" branchCoverage="0" isConstructor="false" isStatic="false" isGetter="false" isSetter="false">
              <Summary numSequencePoints="3" visitedSequencePoints="0" numBranchPoints="3" visitedBranchPoints="0" sequenceCoverage="0" branchCoverage="0" maxCyclomaticComplexity="5" minCyclomaticComplexity="5" visitedClasses="0" numClasses="0" visitedMethods="0" numMethods="1" />
              <MetadataToken>100663378</MetadataToken>
              <Name>System.Void GitHub.Api.GraphQLKeychainCredentialStore/&lt;GetCredentials&gt;d__3::MoveNext()</Name>
              <FileRef uid="4" />
              <SequencePoints>
                <SequencePoint vc="0" uspid="78" ordinal="0" offset="14" sl="28" sc="9" el="28" ec="10" bec="0" bev="0" fileid="4" />
                <SequencePoint vc="0" uspid="79" ordinal="1" offset="15" sl="29" sc="13" el="29" ec="79" bec="0" bev="0" fileid="4" />
                <SequencePoint vc="0" uspid="80" ordinal="2" offset="166" sl="30" sc="13" el="30" ec="36" bec="2" bev="0" fileid="4" />
              </SequencePoints>
              <BranchPoints>
                <BranchPoint vc="0" uspid="84" ordinal="2" offset="173" sl="30" path="0" offsetend="175" fileid="4" />
                <BranchPoint vc="0" uspid="85" ordinal="3" offset="173" sl="30" path="1" offsetend="179" fileid="4" />
              </BranchPoints>
              <MethodPoint vc="0" uspid="86" ordinal="0" offset="0" />
            </Method>
            <Method visited="false" cyclomaticComplexity="1" nPathComplexity="0" sequenceCoverage="0" branchCoverage="0" isConstructor="false" isStatic="false" isGetter="false" isSetter="false">
              <Summary numSequencePoints="0" visitedSequencePoints="0" numBranchPoints="0" visitedBranchPoints="0" sequenceCoverage="0" branchCoverage="0" maxCyclomaticComplexity="1" minCyclomaticComplexity="1" visitedClasses="0" numClasses="0" visitedMethods="0" numMethods="0" />
              <MetadataToken>100663379</MetadataToken>
              <Name>System.Void GitHub.Api.GraphQLKeychainCredentialStore/&lt;GetCredentials&gt;d__3::SetStateMachine(System.Runtime.CompilerServices.IAsyncStateMachine)</Name>
              <SequencePoints />
              <BranchPoints />
              <MethodPoint vc="0" uspid="87" ordinal="0" offset="0" />
            </Method>
          </Methods>
        </Class>
        <Class>
          <Summary numSequencePoints="10" visitedSequencePoints="0" numBranchPoints="2" visitedBranchPoints="0" sequenceCoverage="0" branchCoverage="0" maxCyclomaticComplexity="1" minCyclomaticComplexity="1" visitedClasses="0" numClasses="1" visitedMethods="0" numMethods="2" />
          <FullName>GitHub.Api.GraphQLClientFactory</FullName>
          <Methods>
            <Method visited="false" cyclomaticComplexity="1" nPathComplexity="0" sequenceCoverage="0" branchCoverage="0" isConstructor="true" isStatic="false" isGetter="false" isSetter="false">
              <Summary numSequencePoints="5" visitedSequencePoints="0" numBranchPoints="1" visitedBranchPoints="0" sequenceCoverage="0" branchCoverage="0" maxCyclomaticComplexity="1" minCyclomaticComplexity="1" visitedClasses="0" numClasses="0" visitedMethods="0" numMethods="1" />
              <MetadataToken>100663312</MetadataToken>
              <Name>System.Void GitHub.Api.GraphQLClientFactory::.ctor(GitHub.Api.IKeychain,GitHub.Models.IProgram)</Name>
              <FileRef uid="6" />
              <SequencePoints>
                <SequencePoint vc="0" uspid="88" ordinal="0" offset="0" sl="27" sc="9" el="27" ec="74" bec="0" bev="0" fileid="6" />
                <SequencePoint vc="0" uspid="89" ordinal="1" offset="7" sl="28" sc="9" el="28" ec="10" bec="0" bev="0" fileid="6" />
                <SequencePoint vc="0" uspid="90" ordinal="2" offset="8" sl="29" sc="13" el="29" ec="38" bec="0" bev="0" fileid="6" />
                <SequencePoint vc="0" uspid="91" ordinal="3" offset="15" sl="30" sc="13" el="30" ec="36" bec="0" bev="0" fileid="6" />
                <SequencePoint vc="0" uspid="92" ordinal="4" offset="22" sl="31" sc="9" el="31" ec="10" bec="0" bev="0" fileid="6" />
              </SequencePoints>
              <BranchPoints />
              <MethodPoint xsi:type="SequencePoint" vc="0" uspid="88" ordinal="0" offset="0" sl="27" sc="9" el="27" ec="74" bec="0" bev="0" fileid="6" />
            </Method>
            <Method visited="false" cyclomaticComplexity="1" nPathComplexity="0" sequenceCoverage="0" branchCoverage="0" isConstructor="false" isStatic="false" isGetter="false" isSetter="false">
              <Summary numSequencePoints="5" visitedSequencePoints="0" numBranchPoints="1" visitedBranchPoints="0" sequenceCoverage="0" branchCoverage="0" maxCyclomaticComplexity="1" minCyclomaticComplexity="1" visitedClasses="0" numClasses="0" visitedMethods="0" numMethods="1" />
              <MetadataToken>100663313</MetadataToken>
              <Name>System.Threading.Tasks.Task`1&lt;Octokit.GraphQL.IConnection&gt; GitHub.Api.GraphQLClientFactory::CreateConnection(GitHub.Primitives.HostAddress)</Name>
              <FileRef uid="6" />
              <SequencePoints>
                <SequencePoint vc="0" uspid="93" ordinal="0" offset="0" sl="35" sc="9" el="35" ec="10" bec="0" bev="0" fileid="6" />
                <SequencePoint vc="0" uspid="94" ordinal="1" offset="1" sl="36" sc="13" el="36" ec="85" bec="0" bev="0" fileid="6" />
                <SequencePoint vc="0" uspid="95" ordinal="2" offset="14" sl="37" sc="13" el="37" ec="108" bec="0" bev="0" fileid="6" />
                <SequencePoint vc="0" uspid="96" ordinal="3" offset="52" sl="38" sc="13" el="38" ec="122" bec="0" bev="0" fileid="6" />
                <SequencePoint vc="0" uspid="97" ordinal="4" offset="73" sl="39" sc="9" el="39" ec="10" bec="0" bev="0" fileid="6" />
              </SequencePoints>
              <BranchPoints />
              <MethodPoint xsi:type="SequencePoint" vc="0" uspid="93" ordinal="0" offset="0" sl="35" sc="9" el="35" ec="10" bec="0" bev="0" fileid="6" />
            </Method>
          </Methods>
        </Class>
        <Class>
          <Summary numSequencePoints="12" visitedSequencePoints="3" numBranchPoints="4" visitedBranchPoints="1" sequenceCoverage="25" branchCoverage="25" maxCyclomaticComplexity="1" minCyclomaticComplexity="1" visitedClasses="1" numClasses="1" visitedMethods="1" numMethods="4" />
          <FullName>GitHub.Api.IncorrectScopesException</FullName>
          <Methods>
            <Method visited="false" cyclomaticComplexity="1" nPathComplexity="0" sequenceCoverage="0" branchCoverage="0" isConstructor="true" isStatic="false" isGetter="false" isSetter="false">
              <Summary numSequencePoints="3" visitedSequencePoints="0" numBranchPoints="1" visitedBranchPoints="0" sequenceCoverage="0" branchCoverage="0" maxCyclomaticComplexity="1" minCyclomaticComplexity="1" visitedClasses="0" numClasses="0" visitedMethods="0" numMethods="1" />
              <MetadataToken>100663323</MetadataToken>
              <Name>System.Void GitHub.Api.IncorrectScopesException::.ctor()</Name>
              <FileRef uid="7" />
              <SequencePoints>
                <SequencePoint vc="0" uspid="98" ordinal="0" offset="0" sl="13" sc="15" el="13" ec="44" bec="0" bev="0" fileid="7" />
                <SequencePoint vc="0" uspid="99" ordinal="1" offset="12" sl="14" sc="9" el="14" ec="10" bec="0" bev="0" fileid="7" />
                <SequencePoint vc="0" uspid="100" ordinal="2" offset="13" sl="15" sc="9" el="15" ec="10" bec="0" bev="0" fileid="7" />
              </SequencePoints>
              <BranchPoints />
              <MethodPoint xsi:type="SequencePoint" vc="0" uspid="98" ordinal="0" offset="0" sl="13" sc="15" el="13" ec="44" bec="0" bev="0" fileid="7" />
            </Method>
            <Method visited="true" cyclomaticComplexity="1" nPathComplexity="0" sequenceCoverage="100" branchCoverage="100" isConstructor="true" isStatic="false" isGetter="false" isSetter="false">
              <Summary numSequencePoints="3" visitedSequencePoints="3" numBranchPoints="1" visitedBranchPoints="1" sequenceCoverage="100" branchCoverage="100" maxCyclomaticComplexity="1" minCyclomaticComplexity="1" visitedClasses="0" numClasses="0" visitedMethods="1" numMethods="1" />
              <MetadataToken>100663324</MetadataToken>
              <Name>System.Void GitHub.Api.IncorrectScopesException::.ctor(System.String)</Name>
              <FileRef uid="7" />
              <SequencePoints>
                <SequencePoint vc="1" uspid="101" ordinal="0" offset="0" sl="18" sc="15" el="18" ec="28" bec="0" bev="0" fileid="7" />
                <SequencePoint vc="1" uspid="102" ordinal="1" offset="8" sl="19" sc="9" el="19" ec="10" bec="0" bev="0" fileid="7" />
                <SequencePoint vc="1" uspid="103" ordinal="2" offset="9" sl="20" sc="9" el="20" ec="10" bec="0" bev="0" fileid="7" />
              </SequencePoints>
              <BranchPoints />
              <MethodPoint xsi:type="SequencePoint" vc="1" uspid="101" ordinal="0" offset="0" sl="18" sc="15" el="18" ec="28" bec="0" bev="0" fileid="7" />
            </Method>
            <Method visited="false" cyclomaticComplexity="1" nPathComplexity="0" sequenceCoverage="0" branchCoverage="0" isConstructor="true" isStatic="false" isGetter="false" isSetter="false">
              <Summary numSequencePoints="3" visitedSequencePoints="0" numBranchPoints="1" visitedBranchPoints="0" sequenceCoverage="0" branchCoverage="0" maxCyclomaticComplexity="1" minCyclomaticComplexity="1" visitedClasses="0" numClasses="0" visitedMethods="0" numMethods="1" />
              <MetadataToken>100663325</MetadataToken>
              <Name>System.Void GitHub.Api.IncorrectScopesException::.ctor(System.String,System.Exception)</Name>
              <FileRef uid="7" />
              <SequencePoints>
                <SequencePoint vc="0" uspid="104" ordinal="0" offset="0" sl="23" sc="15" el="23" ec="44" bec="0" bev="0" fileid="7" />
                <SequencePoint vc="0" uspid="105" ordinal="1" offset="9" sl="24" sc="9" el="24" ec="10" bec="0" bev="0" fileid="7" />
                <SequencePoint vc="0" uspid="106" ordinal="2" offset="10" sl="25" sc="9" el="25" ec="10" bec="0" bev="0" fileid="7" />
              </SequencePoints>
              <BranchPoints />
              <MethodPoint xsi:type="SequencePoint" vc="0" uspid="104" ordinal="0" offset="0" sl="23" sc="15" el="23" ec="44" bec="0" bev="0" fileid="7" />
            </Method>
            <Method visited="false" cyclomaticComplexity="1" nPathComplexity="0" sequenceCoverage="0" branchCoverage="0" isConstructor="true" isStatic="false" isGetter="false" isSetter="false">
              <Summary numSequencePoints="3" visitedSequencePoints="0" numBranchPoints="1" visitedBranchPoints="0" sequenceCoverage="0" branchCoverage="0" maxCyclomaticComplexity="1" minCyclomaticComplexity="1" visitedClasses="0" numClasses="0" visitedMethods="0" numMethods="1" />
              <MetadataToken>100663326</MetadataToken>
              <Name>System.Void GitHub.Api.IncorrectScopesException::.ctor(System.Runtime.Serialization.SerializationInfo,System.Runtime.Serialization.StreamingContext)</Name>
              <FileRef uid="7" />
              <SequencePoints>
                <SequencePoint vc="0" uspid="107" ordinal="0" offset="0" sl="28" sc="15" el="28" ec="34" bec="0" bev="0" fileid="7" />
                <SequencePoint vc="0" uspid="108" ordinal="1" offset="9" sl="29" sc="9" el="29" ec="10" bec="0" bev="0" fileid="7" />
                <SequencePoint vc="0" uspid="109" ordinal="2" offset="10" sl="30" sc="9" el="30" ec="10" bec="0" bev="0" fileid="7" />
              </SequencePoints>
              <BranchPoints />
              <MethodPoint xsi:type="SequencePoint" vc="0" uspid="107" ordinal="0" offset="0" sl="28" sc="15" el="28" ec="34" bec="0" bev="0" fileid="7" />
            </Method>
          </Methods>
        </Class>
        <Class>
          <Summary numSequencePoints="63" visitedSequencePoints="43" numBranchPoints="15" visitedBranchPoints="11" sequenceCoverage="68.25" branchCoverage="73.33" maxCyclomaticComplexity="8" minCyclomaticComplexity="1" visitedClasses="1" numClasses="1" visitedMethods="5" numMethods="7" />
          <FullName>GitHub.Api.LoginManager</FullName>
          <Methods>
            <Method visited="true" cyclomaticComplexity="1" nPathComplexity="0" sequenceCoverage="100" branchCoverage="100" isConstructor="true" isStatic="false" isGetter="false" isSetter="false">
              <Summary numSequencePoints="15" visitedSequencePoints="15" numBranchPoints="1" visitedBranchPoints="1" sequenceCoverage="100" branchCoverage="100" maxCyclomaticComplexity="1" minCyclomaticComplexity="1" visitedClasses="0" numClasses="0" visitedMethods="1" numMethods="1" />
              <MetadataToken>100663329</MetadataToken>
              <Name>System.Void GitHub.Api.LoginManager::.ctor(GitHub.Api.IKeychain,System.Lazy`1&lt;GitHub.Api.ITwoFactorChallengeHandler&gt;,GitHub.Api.IOAuthCallbackListener,System.String,System.String,System.Collections.Generic.IReadOnlyList`1&lt;System.String&gt;,System.String,System.String)</Name>
              <FileRef uid="8" />
              <SequencePoints>
                <SequencePoint vc="12" uspid="110" ordinal="0" offset="0" sl="43" sc="9" el="51" ec="39" bec="0" bev="0" fileid="8" />
                <SequencePoint vc="12" uspid="111" ordinal="1" offset="7" sl="52" sc="9" el="52" ec="10" bec="0" bev="0" fileid="8" />
                <SequencePoint vc="12" uspid="112" ordinal="2" offset="8" sl="53" sc="13" el="53" ec="63" bec="0" bev="0" fileid="8" />
                <SequencePoint vc="12" uspid="113" ordinal="3" offset="20" sl="54" sc="13" el="54" ec="97" bec="0" bev="0" fileid="8" />
                <SequencePoint vc="12" uspid="114" ordinal="4" offset="32" sl="55" sc="13" el="55" ec="70" bec="0" bev="0" fileid="8" />
                <SequencePoint vc="12" uspid="115" ordinal="5" offset="45" sl="56" sc="13" el="56" ec="78" bec="0" bev="0" fileid="8" />
                <SequencePoint vc="12" uspid="116" ordinal="6" offset="58" sl="58" sc="13" el="58" ec="38" bec="0" bev="0" fileid="8" />
                <SequencePoint vc="12" uspid="117" ordinal="7" offset="65" sl="59" sc="13" el="59" ec="72" bec="0" bev="0" fileid="8" />
                <SequencePoint vc="12" uspid="118" ordinal="8" offset="72" sl="60" sc="13" el="60" ec="48" bec="0" bev="0" fileid="8" />
                <SequencePoint vc="12" uspid="119" ordinal="9" offset="79" sl="61" sc="13" el="61" ec="38" bec="0" bev="0" fileid="8" />
                <SequencePoint vc="12" uspid="120" ordinal="10" offset="87" sl="62" sc="13" el="62" ec="46" bec="0" bev="0" fileid="8" />
                <SequencePoint vc="12" uspid="121" ordinal="11" offset="95" sl="63" sc="13" el="63" ec="34" bec="0" bev="0" fileid="8" />
                <SequencePoint vc="12" uspid="122" ordinal="12" offset="103" sl="64" sc="13" el="64" ec="56" bec="0" bev="0" fileid="8" />
                <SequencePoint vc="12" uspid="123" ordinal="13" offset="111" sl="65" sc="13" el="65" ec="44" bec="0" bev="0" fileid="8" />
                <SequencePoint vc="12" uspid="124" ordinal="14" offset="119" sl="66" sc="9" el="66" ec="10" bec="0" bev="0" fileid="8" />
              </SequencePoints>
              <BranchPoints />
              <MethodPoint xsi:type="SequencePoint" vc="12" uspid="110" ordinal="0" offset="0" sl="43" sc="9" el="51" ec="39" bec="0" bev="0" fileid="8" />
            </Method>
            <Method visited="true" cyclomaticComplexity="1" nPathComplexity="0" sequenceCoverage="0" branchCoverage="0" isConstructor="false" isStatic="false" isGetter="false" isSetter="false">
              <Summary numSequencePoints="0" visitedSequencePoints="0" numBranchPoints="0" visitedBranchPoints="0" sequenceCoverage="0" branchCoverage="0" maxCyclomaticComplexity="1" minCyclomaticComplexity="1" visitedClasses="0" numClasses="0" visitedMethods="0" numMethods="0" />
              <MetadataToken>100663330</MetadataToken>
              <Name>System.Threading.Tasks.Task`1&lt;Octokit.User&gt; GitHub.Api.LoginManager::Login(GitHub.Primitives.HostAddress,Octokit.IGitHubClient,System.String,System.String)</Name>
              <SequencePoints />
              <BranchPoints />
              <MethodPoint vc="12" uspid="125" ordinal="0" offset="0" />
            </Method>
            <Method visited="false" cyclomaticComplexity="1" nPathComplexity="0" sequenceCoverage="0" branchCoverage="0" isConstructor="false" isStatic="false" isGetter="false" isSetter="false">
              <Summary numSequencePoints="0" visitedSequencePoints="0" numBranchPoints="0" visitedBranchPoints="0" sequenceCoverage="0" branchCoverage="0" maxCyclomaticComplexity="1" minCyclomaticComplexity="1" visitedClasses="0" numClasses="0" visitedMethods="0" numMethods="0" />
              <MetadataToken>100663331</MetadataToken>
              <Name>System.Threading.Tasks.Task`1&lt;Octokit.User&gt; GitHub.Api.LoginManager::LoginViaOAuth(GitHub.Primitives.HostAddress,Octokit.IGitHubClient,Octokit.IOauthClient,System.Action`1&lt;System.Uri&gt;,System.Threading.CancellationToken)</Name>
              <SequencePoints />
              <BranchPoints />
              <MethodPoint vc="0" uspid="126" ordinal="0" offset="0" />
            </Method>
            <Method visited="false" cyclomaticComplexity="1" nPathComplexity="0" sequenceCoverage="0" branchCoverage="0" isConstructor="false" isStatic="false" isGetter="false" isSetter="false">
              <Summary numSequencePoints="0" visitedSequencePoints="0" numBranchPoints="0" visitedBranchPoints="0" sequenceCoverage="0" branchCoverage="0" maxCyclomaticComplexity="1" minCyclomaticComplexity="1" visitedClasses="0" numClasses="0" visitedMethods="0" numMethods="0" />
              <MetadataToken>100663332</MetadataToken>
              <Name>System.Threading.Tasks.Task`1&lt;Octokit.User&gt; GitHub.Api.LoginManager::LoginWithToken(GitHub.Primitives.HostAddress,Octokit.IGitHubClient,System.String)</Name>
              <SequencePoints />
              <BranchPoints />
              <MethodPoint vc="0" uspid="127" ordinal="0" offset="0" />
            </Method>
            <Method visited="false" cyclomaticComplexity="1" nPathComplexity="0" sequenceCoverage="0" branchCoverage="0" isConstructor="false" isStatic="false" isGetter="false" isSetter="false">
              <Summary numSequencePoints="5" visitedSequencePoints="0" numBranchPoints="1" visitedBranchPoints="0" sequenceCoverage="0" branchCoverage="0" maxCyclomaticComplexity="1" minCyclomaticComplexity="1" visitedClasses="0" numClasses="0" visitedMethods="0" numMethods="1" />
              <MetadataToken>100663333</MetadataToken>
              <Name>System.Threading.Tasks.Task`1&lt;Octokit.User&gt; GitHub.Api.LoginManager::LoginFromCache(GitHub.Primitives.HostAddress,Octokit.IGitHubClient)</Name>
              <FileRef uid="8" />
              <SequencePoints>
                <SequencePoint vc="0" uspid="128" ordinal="0" offset="0" sl="183" sc="9" el="183" ec="10" bec="0" bev="0" fileid="8" />
                <SequencePoint vc="0" uspid="129" ordinal="1" offset="1" sl="184" sc="13" el="184" ec="69" bec="0" bev="0" fileid="8" />
                <SequencePoint vc="0" uspid="130" ordinal="2" offset="13" sl="185" sc="13" el="185" ec="59" bec="0" bev="0" fileid="8" />
                <SequencePoint vc="0" uspid="131" ordinal="3" offset="25" sl="187" sc="13" el="187" ec="46" bec="0" bev="0" fileid="8" />
                <SequencePoint vc="0" uspid="132" ordinal="4" offset="35" sl="188" sc="9" el="188" ec="10" bec="0" bev="0" fileid="8" />
              </SequencePoints>
              <BranchPoints />
              <MethodPoint xsi:type="SequencePoint" vc="0" uspid="128" ordinal="0" offset="0" sl="183" sc="9" el="183" ec="10" bec="0" bev="0" fileid="8" />
            </Method>
            <Method visited="false" cyclomaticComplexity="1" nPathComplexity="0" sequenceCoverage="0" branchCoverage="0" isConstructor="false" isStatic="false" isGetter="false" isSetter="false">
              <Summary numSequencePoints="0" visitedSequencePoints="0" numBranchPoints="0" visitedBranchPoints="0" sequenceCoverage="0" branchCoverage="0" maxCyclomaticComplexity="1" minCyclomaticComplexity="1" visitedClasses="0" numClasses="0" visitedMethods="0" numMethods="0" />
              <MetadataToken>100663334</MetadataToken>
              <Name>System.Threading.Tasks.Task GitHub.Api.LoginManager::Logout(GitHub.Primitives.HostAddress,Octokit.IGitHubClient)</Name>
              <SequencePoints />
              <BranchPoints />
              <MethodPoint vc="0" uspid="133" ordinal="0" offset="0" />
            </Method>
            <Method visited="true" cyclomaticComplexity="8" nPathComplexity="4" sequenceCoverage="100" branchCoverage="100" isConstructor="false" isStatic="true" isGetter="false" isSetter="false">
              <Summary numSequencePoints="18" visitedSequencePoints="18" numBranchPoints="5" visitedBranchPoints="5" sequenceCoverage="100" branchCoverage="100" maxCyclomaticComplexity="8" minCyclomaticComplexity="8" visitedClasses="0" numClasses="0" visitedMethods="1" numMethods="1" />
              <MetadataToken>100663335</MetadataToken>
              <Name>System.Boolean GitHub.Api.LoginManager::ScopesMatch(System.Collections.Generic.IReadOnlyList`1&lt;System.String&gt;,System.Collections.Generic.IReadOnlyList`1&lt;System.String&gt;)</Name>
              <FileRef uid="8" />
              <SequencePoints>
                <SequencePoint vc="12" uspid="134" ordinal="0" offset="0" sl="206" sc="9" el="206" ec="10" bec="0" bev="0" fileid="8" />
                <SequencePoint vc="12" uspid="135" ordinal="1" offset="1" sl="207" sc="13" el="207" ec="20" bec="0" bev="0" fileid="8" />
                <SequencePoint vc="12" uspid="136" ordinal="2" offset="2" sl="207" sc="35" el="207" ec="43" bec="0" bev="0" fileid="8" />
                <SequencePoint vc="46" uspid="137" ordinal="3" offset="11" sl="207" sc="22" el="207" ec="31" bec="0" bev="0" fileid="8" />
                <SequencePoint vc="46" uspid="138" ordinal="4" offset="18" sl="208" sc="13" el="208" ec="14" bec="0" bev="0" fileid="8" />
                <SequencePoint vc="46" uspid="139" ordinal="5" offset="19" sl="209" sc="17" el="209" ec="54" bec="0" bev="0" fileid="8" />
                <SequencePoint vc="46" uspid="140" ordinal="6" offset="27" sl="211" sc="17" el="213" ec="76" bec="2" bev="2" fileid="8" />
                <SequencePoint vc="1" uspid="141" ordinal="7" offset="66" sl="214" sc="17" el="214" ec="18" bec="0" bev="0" fileid="8" />
                <SequencePoint vc="1" uspid="142" ordinal="8" offset="67" sl="218" sc="21" el="220" ec="54" bec="0" bev="0" fileid="8" />
                <SequencePoint vc="1" uspid="143" ordinal="9" offset="100" sl="221" sc="21" el="221" ec="59" bec="0" bev="0" fileid="8" />
                <SequencePoint vc="1" uspid="144" ordinal="10" offset="109" sl="222" sc="17" el="222" ec="18" bec="0" bev="0" fileid="8" />
                <SequencePoint vc="46" uspid="145" ordinal="11" offset="110" sl="224" sc="17" el="224" ec="28" bec="2" bev="2" fileid="8" />
                <SequencePoint vc="2" uspid="146" ordinal="12" offset="120" sl="225" sc="17" el="225" ec="18" bec="0" bev="0" fileid="8" />
                <SequencePoint vc="2" uspid="147" ordinal="13" offset="121" sl="226" sc="21" el="226" ec="34" bec="0" bev="0" fileid="8" />
                <SequencePoint vc="44" uspid="148" ordinal="14" offset="126" sl="228" sc="13" el="228" ec="14" bec="0" bev="0" fileid="8" />
                <SequencePoint vc="56" uspid="149" ordinal="15" offset="127" sl="207" sc="32" el="207" ec="34" bec="0" bev="0" fileid="8" />
                <SequencePoint vc="10" uspid="150" ordinal="16" offset="148" sl="230" sc="13" el="230" ec="25" bec="0" bev="0" fileid="8" />
                <SequencePoint vc="12" uspid="151" ordinal="17" offset="153" sl="231" sc="9" el="231" ec="10" bec="0" bev="0" fileid="8" />
              </SequencePoints>
              <BranchPoints>
                <BranchPoint vc="1" uspid="156" ordinal="4" offset="64" sl="211" path="0" offsetend="66" fileid="8" />
                <BranchPoint vc="45" uspid="157" ordinal="5" offset="64" sl="211" path="1" offsetend="110" fileid="8" />
                <BranchPoint vc="2" uspid="158" ordinal="6" offset="118" sl="224" path="0" offsetend="120" fileid="8" />
                <BranchPoint vc="44" uspid="159" ordinal="7" offset="118" sl="224" path="1" offsetend="126" fileid="8" />
              </BranchPoints>
              <MethodPoint xsi:type="SequencePoint" vc="12" uspid="134" ordinal="0" offset="0" sl="206" sc="9" el="206" ec="10" bec="0" bev="0" fileid="8" />
            </Method>
            <Method visited="true" cyclomaticComplexity="1" nPathComplexity="0" sequenceCoverage="0" branchCoverage="0" isConstructor="false" isStatic="false" isGetter="false" isSetter="false">
              <Summary numSequencePoints="0" visitedSequencePoints="0" numBranchPoints="0" visitedBranchPoints="0" sequenceCoverage="0" branchCoverage="0" maxCyclomaticComplexity="1" minCyclomaticComplexity="1" visitedClasses="0" numClasses="0" visitedMethods="0" numMethods="0" />
              <MetadataToken>100663336</MetadataToken>
              <Name>System.Threading.Tasks.Task`1&lt;Octokit.ApplicationAuthorization&gt; GitHub.Api.LoginManager::CreateAndDeleteExistingApplicationAuthorization(Octokit.IGitHubClient,Octokit.NewAuthorization,System.String)</Name>
              <SequencePoints />
              <BranchPoints />
              <MethodPoint vc="19" uspid="162" ordinal="0" offset="0" />
            </Method>
            <Method visited="true" cyclomaticComplexity="1" nPathComplexity="0" sequenceCoverage="0" branchCoverage="0" isConstructor="false" isStatic="false" isGetter="false" isSetter="false">
              <Summary numSequencePoints="0" visitedSequencePoints="0" numBranchPoints="0" visitedBranchPoints="0" sequenceCoverage="0" branchCoverage="0" maxCyclomaticComplexity="1" minCyclomaticComplexity="1" visitedClasses="0" numClasses="0" visitedMethods="0" numMethods="0" />
              <MetadataToken>100663337</MetadataToken>
              <Name>System.Threading.Tasks.Task`1&lt;Octokit.ApplicationAuthorization&gt; GitHub.Api.LoginManager::HandleTwoFactorAuthorization(GitHub.Primitives.HostAddress,Octokit.IGitHubClient,Octokit.NewAuthorization,Octokit.TwoFactorAuthorizationException)</Name>
              <SequencePoints />
              <BranchPoints />
              <MethodPoint vc="6" uspid="163" ordinal="0" offset="0" />
            </Method>
            <Method visited="true" cyclomaticComplexity="2" nPathComplexity="2" sequenceCoverage="66.67" branchCoverage="66.67" isConstructor="false" isStatic="false" isGetter="false" isSetter="false">
              <Summary numSequencePoints="6" visitedSequencePoints="4" numBranchPoints="3" visitedBranchPoints="2" sequenceCoverage="66.67" branchCoverage="66.67" maxCyclomaticComplexity="2" minCyclomaticComplexity="2" visitedClasses="0" numClasses="0" visitedMethods="1" numMethods="1" />
              <MetadataToken>100663338</MetadataToken>
              <Name>Octokit.ApplicationAuthorization GitHub.Api.LoginManager::EnsureNonNullAuthorization(Octokit.ApplicationAuthorization)</Name>
              <FileRef uid="8" />
              <SequencePoints>
                <SequencePoint vc="7" uspid="164" ordinal="0" offset="0" sl="320" sc="9" el="320" ec="10" bec="0" bev="0" fileid="8" />
                <SequencePoint vc="7" uspid="165" ordinal="1" offset="1" sl="324" sc="13" el="324" ec="30" bec="2" bev="1" fileid="8" />
                <SequencePoint vc="0" uspid="166" ordinal="2" offset="9" sl="325" sc="13" el="325" ec="14" bec="0" bev="0" fileid="8" />
                <SequencePoint vc="0" uspid="167" ordinal="3" offset="10" sl="326" sc="17" el="326" ec="106" bec="0" bev="0" fileid="8" />
                <SequencePoint vc="7" uspid="168" ordinal="4" offset="21" sl="329" sc="13" el="329" ec="25" bec="0" bev="0" fileid="8" />
                <SequencePoint vc="7" uspid="169" ordinal="5" offset="25" sl="330" sc="9" el="330" ec="10" bec="0" bev="0" fileid="8" />
              </SequencePoints>
              <BranchPoints>
                <BranchPoint vc="0" uspid="170" ordinal="0" offset="7" sl="324" path="0" offsetend="9" fileid="8" />
                <BranchPoint vc="7" uspid="171" ordinal="1" offset="7" sl="324" path="1" offsetend="21" fileid="8" />
              </BranchPoints>
              <MethodPoint xsi:type="SequencePoint" vc="7" uspid="164" ordinal="0" offset="0" sl="320" sc="9" el="320" ec="10" bec="0" bev="0" fileid="8" />
            </Method>
            <Method visited="true" cyclomaticComplexity="7" nPathComplexity="2" sequenceCoverage="100" branchCoverage="66.67" isConstructor="false" isStatic="false" isGetter="false" isSetter="false">
              <Summary numSequencePoints="4" visitedSequencePoints="4" numBranchPoints="3" visitedBranchPoints="2" sequenceCoverage="100" branchCoverage="66.67" maxCyclomaticComplexity="7" minCyclomaticComplexity="7" visitedClasses="0" numClasses="0" visitedMethods="1" numMethods="1" />
              <MetadataToken>100663339</MetadataToken>
              <Name>System.Boolean GitHub.Api.LoginManager::EnterpriseWorkaround(GitHub.Primitives.HostAddress,System.Exception)</Name>
              <FileRef uid="8" />
              <SequencePoints>
                <SequencePoint vc="3" uspid="172" ordinal="0" offset="0" sl="333" sc="9" el="333" ec="10" bec="0" bev="0" fileid="8" />
                <SequencePoint vc="3" uspid="173" ordinal="1" offset="1" sl="341" sc="13" el="341" ec="50" bec="0" bev="0" fileid="8" />
                <SequencePoint vc="3" uspid="174" ordinal="2" offset="8" sl="342" sc="13" el="345" ec="67" bec="2" bev="1" fileid="8" />
                <SequencePoint vc="3" uspid="175" ordinal="3" offset="60" sl="346" sc="9" el="346" ec="10" bec="0" bev="0" fileid="8" />
              </SequencePoints>
              <BranchPoints>
                <BranchPoint vc="0" uspid="182" ordinal="6" offset="33" sl="342" path="0" offsetend="35" fileid="8" />
                <BranchPoint vc="1" uspid="183" ordinal="7" offset="33" sl="342" path="1" offsetend="38" fileid="8" />
              </BranchPoints>
              <MethodPoint xsi:type="SequencePoint" vc="3" uspid="172" ordinal="0" offset="0" sl="333" sc="9" el="333" ec="10" bec="0" bev="0" fileid="8" />
            </Method>
            <Method visited="true" cyclomaticComplexity="1" nPathComplexity="0" sequenceCoverage="0" branchCoverage="0" isConstructor="false" isStatic="false" isGetter="false" isSetter="false">
              <Summary numSequencePoints="0" visitedSequencePoints="0" numBranchPoints="0" visitedBranchPoints="0" sequenceCoverage="0" branchCoverage="0" maxCyclomaticComplexity="1" minCyclomaticComplexity="1" visitedClasses="0" numClasses="0" visitedMethods="0" numMethods="0" />
              <MetadataToken>100663340</MetadataToken>
              <Name>System.Threading.Tasks.Task`1&lt;Octokit.User&gt; GitHub.Api.LoginManager::ReadUserWithRetry(Octokit.IGitHubClient)</Name>
              <SequencePoints />
              <BranchPoints />
              <MethodPoint vc="8" uspid="184" ordinal="0" offset="0" />
            </Method>
            <Method visited="true" cyclomaticComplexity="1" nPathComplexity="0" sequenceCoverage="0" branchCoverage="0" isConstructor="false" isStatic="false" isGetter="false" isSetter="false">
              <Summary numSequencePoints="0" visitedSequencePoints="0" numBranchPoints="0" visitedBranchPoints="0" sequenceCoverage="0" branchCoverage="0" maxCyclomaticComplexity="1" minCyclomaticComplexity="1" visitedClasses="0" numClasses="0" visitedMethods="0" numMethods="0" />
              <MetadataToken>100663341</MetadataToken>
              <Name>System.Threading.Tasks.Task`1&lt;Octokit.User&gt; GitHub.Api.LoginManager::GetUserAndCheckScopes(Octokit.IGitHubClient)</Name>
              <SequencePoints />
              <BranchPoints />
              <MethodPoint vc="8" uspid="185" ordinal="0" offset="0" />
            </Method>
            <Method visited="false" cyclomaticComplexity="3" nPathComplexity="0" sequenceCoverage="0" branchCoverage="0" isConstructor="false" isStatic="false" isGetter="false" isSetter="false">
              <Summary numSequencePoints="13" visitedSequencePoints="0" numBranchPoints="1" visitedBranchPoints="0" sequenceCoverage="0" branchCoverage="0" maxCyclomaticComplexity="3" minCyclomaticComplexity="3" visitedClasses="0" numClasses="0" visitedMethods="0" numMethods="1" />
              <MetadataToken>100663342</MetadataToken>
              <Name>System.Uri GitHub.Api.LoginManager::GetLoginUrl(Octokit.IOauthClient,System.String)</Name>
              <FileRef uid="8" />
              <SequencePoints>
                <SequencePoint vc="0" uspid="186" ordinal="0" offset="0" sl="400" sc="9" el="400" ec="10" bec="0" bev="0" fileid="8" />
                <SequencePoint vc="0" uspid="187" ordinal="1" offset="1" sl="401" sc="13" el="401" ec="82" bec="0" bev="0" fileid="8" />
                <SequencePoint vc="0" uspid="188" ordinal="2" offset="12" sl="403" sc="13" el="403" ec="35" bec="0" bev="0" fileid="8" />
                <SequencePoint vc="0" uspid="189" ordinal="3" offset="20" sl="405" sc="13" el="405" ec="20" bec="0" bev="0" fileid="8" />
                <SequencePoint vc="0" uspid="190" ordinal="4" offset="21" sl="405" sc="35" el="405" ec="41" bec="0" bev="0" fileid="8" />
                <SequencePoint vc="0" uspid="191" ordinal="5" offset="35" sl="405" sc="22" el="405" ec="31" bec="0" bev="0" fileid="8" />
                <SequencePoint vc="0" uspid="192" ordinal="6" offset="42" sl="406" sc="13" el="406" ec="14" bec="0" bev="0" fileid="8" />
                <SequencePoint vc="0" uspid="193" ordinal="7" offset="43" sl="407" sc="17" el="407" ec="43" bec="0" bev="0" fileid="8" />
                <SequencePoint vc="0" uspid="194" ordinal="8" offset="56" sl="408" sc="13" el="408" ec="14" bec="0" bev="0" fileid="8" />
                <SequencePoint vc="0" uspid="195" ordinal="9" offset="57" sl="405" sc="32" el="405" ec="34" bec="0" bev="0" fileid="8" />
                <SequencePoint vc="0" uspid="196" ordinal="10" offset="78" sl="410" sc="13" el="410" ec="57" bec="0" bev="0" fileid="8" />
                <SequencePoint vc="0" uspid="197" ordinal="11" offset="86" sl="413" sc="13" el="413" ec="67" bec="0" bev="0" fileid="8" />
                <SequencePoint vc="0" uspid="198" ordinal="12" offset="116" sl="414" sc="9" el="414" ec="10" bec="0" bev="0" fileid="8" />
              </SequencePoints>
              <BranchPoints />
              <MethodPoint xsi:type="SequencePoint" vc="0" uspid="186" ordinal="0" offset="0" sl="400" sc="9" el="400" ec="10" bec="0" bev="0" fileid="8" />
            </Method>
            <Method visited="true" cyclomaticComplexity="1" nPathComplexity="0" sequenceCoverage="100" branchCoverage="100" isConstructor="true" isStatic="true" isGetter="false" isSetter="false">
              <Summary numSequencePoints="2" visitedSequencePoints="2" numBranchPoints="1" visitedBranchPoints="1" sequenceCoverage="100" branchCoverage="100" maxCyclomaticComplexity="1" minCyclomaticComplexity="1" visitedClasses="0" numClasses="0" visitedMethods="1" numMethods="1" />
              <MetadataToken>100663343</MetadataToken>
              <Name>System.Void GitHub.Api.LoginManager::.cctor()</Name>
              <FileRef uid="8" />
              <SequencePoints>
                <SequencePoint vc="1" uspid="201" ordinal="0" offset="0" sl="21" sc="9" el="21" ec="77" bec="0" bev="0" fileid="8" />
                <SequencePoint vc="1" uspid="202" ordinal="1" offset="10" sl="22" sc="9" el="22" ec="78" bec="0" bev="0" fileid="8" />
              </SequencePoints>
              <BranchPoints />
              <MethodPoint xsi:type="SequencePoint" vc="1" uspid="201" ordinal="0" offset="0" sl="21" sc="9" el="21" ec="77" bec="0" bev="0" fileid="8" />
            </Method>
          </Methods>
        </Class>
        <Class>
          <Summary numSequencePoints="32" visitedSequencePoints="32" numBranchPoints="13" visitedBranchPoints="11" sequenceCoverage="100" branchCoverage="84.62" maxCyclomaticComplexity="20" minCyclomaticComplexity="1" visitedClasses="1" numClasses="1" visitedMethods="1" numMethods="1" />
          <FullName>GitHub.Api.LoginManager/&lt;Login&gt;d__12</FullName>
          <Methods>
            <Method visited="true" cyclomaticComplexity="1" nPathComplexity="0" sequenceCoverage="0" branchCoverage="0" isConstructor="true" isStatic="false" isGetter="false" isSetter="false">
              <Summary numSequencePoints="0" visitedSequencePoints="0" numBranchPoints="0" visitedBranchPoints="0" sequenceCoverage="0" branchCoverage="0" maxCyclomaticComplexity="1" minCyclomaticComplexity="1" visitedClasses="0" numClasses="0" visitedMethods="0" numMethods="0" />
              <MetadataToken>100663380</MetadataToken>
              <Name>System.Void GitHub.Api.LoginManager/&lt;Login&gt;d__12::.ctor()</Name>
              <SequencePoints />
              <BranchPoints />
              <MethodPoint vc="12" uspid="203" ordinal="0" offset="0" />
            </Method>
            <Method visited="true" cyclomaticComplexity="20" nPathComplexity="64" sequenceCoverage="100" branchCoverage="84.62" isConstructor="false" isStatic="false" isGetter="false" isSetter="false">
              <Summary numSequencePoints="32" visitedSequencePoints="32" numBranchPoints="13" visitedBranchPoints="11" sequenceCoverage="100" branchCoverage="84.62" maxCyclomaticComplexity="20" minCyclomaticComplexity="20" visitedClasses="0" numClasses="0" visitedMethods="1" numMethods="1" />
              <MetadataToken>100663381</MetadataToken>
              <Name>System.Void GitHub.Api.LoginManager/&lt;Login&gt;d__12::MoveNext()</Name>
              <FileRef uid="8" />
              <SequencePoints>
                <SequencePoint vc="12" uspid="204" ordinal="0" offset="69" sl="74" sc="9" el="74" ec="10" bec="0" bev="0" fileid="8" />
                <SequencePoint vc="12" uspid="205" ordinal="1" offset="70" sl="75" sc="13" el="75" ec="69" bec="0" bev="0" fileid="8" />
                <SequencePoint vc="12" uspid="206" ordinal="2" offset="87" sl="76" sc="13" el="76" ec="59" bec="0" bev="0" fileid="8" />
                <SequencePoint vc="12" uspid="207" ordinal="3" offset="104" sl="77" sc="13" el="77" ec="70" bec="0" bev="0" fileid="8" />
                <SequencePoint vc="12" uspid="208" ordinal="4" offset="121" sl="78" sc="13" el="78" ec="70" bec="0" bev="0" fileid="8" />
                <SequencePoint vc="12" uspid="209" ordinal="5" offset="138" sl="82" sc="13" el="82" ec="88" bec="0" bev="0" fileid="8" />
                <SequencePoint vc="12" uspid="210" ordinal="6" offset="272" sl="84" sc="13" el="89" ec="15" bec="0" bev="0" fileid="8" />
                <SequencePoint vc="12" uspid="211" ordinal="7" offset="337" sl="91" sc="13" el="91" ec="50" bec="0" bev="0" fileid="8" />
                <SequencePoint vc="13" uspid="212" ordinal="8" offset="344" sl="94" sc="13" el="94" ec="14" bec="2" bev="1" fileid="8" />
                <SequencePoint vc="13" uspid="213" ordinal="9" offset="361" sl="96" sc="17" el="96" ec="18" bec="0" bev="0" fileid="8" />
                <SequencePoint vc="13" uspid="214" ordinal="10" offset="362" sl="97" sc="21" el="98" ec="48" bec="0" bev="0" fileid="8" />
                <SequencePoint vc="4" uspid="215" ordinal="11" offset="514" sl="99" sc="21" el="99" ec="54" bec="0" bev="0" fileid="8" />
                <SequencePoint vc="4" uspid="216" ordinal="12" offset="532" sl="100" sc="17" el="100" ec="18" bec="0" bev="0" fileid="8" />
                <SequencePoint vc="6" uspid="217" ordinal="13" offset="535" sl="101" sc="17" el="101" ec="58" bec="0" bev="0" fileid="8" />
                <SequencePoint vc="3" uspid="218" ordinal="14" offset="554" sl="106" sc="17" el="106" ec="36" bec="4" bev="4" fileid="8" />
                <SequencePoint vc="6" uspid="219" ordinal="15" offset="618" sl="102" sc="17" el="102" ec="18" bec="0" bev="0" fileid="8" />
                <SequencePoint vc="6" uspid="220" ordinal="16" offset="619" sl="103" sc="21" el="104" ec="48" bec="0" bev="0" fileid="8" />
                <SequencePoint vc="4" uspid="221" ordinal="17" offset="782" sl="105" sc="17" el="105" ec="18" bec="0" bev="0" fileid="8" />
                <SequencePoint vc="3" uspid="222" ordinal="18" offset="812" sl="107" sc="17" el="107" ec="18" bec="0" bev="0" fileid="8" />
                <SequencePoint vc="3" uspid="223" ordinal="19" offset="813" sl="111" sc="21" el="111" ec="62" bec="2" bev="2" fileid="8" />
                <SequencePoint vc="1" uspid="224" ordinal="20" offset="842" sl="112" sc="21" el="112" ec="22" bec="0" bev="0" fileid="8" />
                <SequencePoint vc="1" uspid="225" ordinal="21" offset="843" sl="113" sc="25" el="113" ec="71" bec="0" bev="0" fileid="8" />
                <SequencePoint vc="1" uspid="226" ordinal="22" offset="860" sl="114" sc="21" el="114" ec="22" bec="0" bev="0" fileid="8" />
                <SequencePoint vc="2" uspid="227" ordinal="23" offset="866" sl="116" sc="21" el="116" ec="22" bec="0" bev="0" fileid="8" />
                <SequencePoint vc="2" uspid="228" ordinal="24" offset="867" sl="117" sc="25" el="117" ec="82" bec="0" bev="0" fileid="8" />
                <SequencePoint vc="2" uspid="229" ordinal="25" offset="992" sl="118" sc="25" el="118" ec="31" bec="2" bev="1" fileid="8" />
                <SequencePoint vc="1" uspid="231" ordinal="27" offset="1030" sl="120" sc="17" el="120" ec="18" bec="0" bev="0" fileid="8" />
                <SequencePoint vc="9" uspid="232" ordinal="28" offset="1047" sl="121" sc="13" el="121" ec="14" bec="0" bev="0" fileid="8" />
                <SequencePoint vc="9" uspid="233" ordinal="29" offset="1048" sl="121" sc="15" el="121" ec="36" bec="2" bev="2" fileid="8" />
                <SequencePoint vc="8" uspid="234" ordinal="30" offset="1066" sl="123" sc="13" el="123" ec="90" bec="0" bev="0" fileid="8" />
                <SequencePoint vc="8" uspid="235" ordinal="31" offset="1208" sl="124" sc="13" el="124" ec="52" bec="0" bev="0" fileid="8" />
                <SequencePoint vc="7" uspid="236" ordinal="32" offset="1356" sl="125" sc="9" el="125" ec="10" bec="0" bev="0" fileid="8" />
              </SequencePoints>
              <BranchPoints>
                <BranchPoint vc="13" uspid="239" ordinal="2" offset="355" sl="94" path="0" offsetchain="357" offsetend="361" fileid="8" />
                <BranchPoint vc="0" uspid="240" ordinal="3" offset="355" sl="94" path="1" offsetchain="359" offsetend="453" fileid="8" />
                <BranchPoint vc="7" uspid="243" ordinal="6" offset="584" sl="106" path="0" offsetchain="586" offsetend="588" fileid="8" />
                <BranchPoint vc="6" uspid="244" ordinal="7" offset="584" sl="106" path="1" offsetend="601" fileid="8" />
                <BranchPoint vc="4" uspid="245" ordinal="8" offset="591" sl="106" path="0" offsetchain="596" offsetend="1040" fileid="8" />
                <BranchPoint vc="3" uspid="246" ordinal="9" offset="591" sl="106" path="1" offsetend="795" fileid="8" />
                <BranchPoint vc="1" uspid="249" ordinal="12" offset="840" sl="111" path="0" offsetend="842" fileid="8" />
                <BranchPoint vc="2" uspid="250" ordinal="13" offset="840" sl="111" path="1" offsetend="866" fileid="8" />
                <BranchPoint vc="0" uspid="253" ordinal="16" offset="1007" sl="118" path="0" offsetend="1009" fileid="8" />
                <BranchPoint vc="2" uspid="254" ordinal="17" offset="1007" sl="118" path="1" offsetend="1016" fileid="8" />
                <BranchPoint vc="8" uspid="255" ordinal="18" offset="1061" sl="121" path="0" offsetend="1066" fileid="8" />
                <BranchPoint vc="1" uspid="256" ordinal="19" offset="1061" sl="121" path="1" offsetend="344" fileid="8" />
              </BranchPoints>
              <MethodPoint vc="12" uspid="261" ordinal="0" offset="0" />
            </Method>
            <Method visited="false" cyclomaticComplexity="1" nPathComplexity="0" sequenceCoverage="0" branchCoverage="0" isConstructor="false" isStatic="false" isGetter="false" isSetter="false">
              <Summary numSequencePoints="0" visitedSequencePoints="0" numBranchPoints="0" visitedBranchPoints="0" sequenceCoverage="0" branchCoverage="0" maxCyclomaticComplexity="1" minCyclomaticComplexity="1" visitedClasses="0" numClasses="0" visitedMethods="0" numMethods="0" />
              <MetadataToken>100663382</MetadataToken>
              <Name>System.Void GitHub.Api.LoginManager/&lt;Login&gt;d__12::SetStateMachine(System.Runtime.CompilerServices.IAsyncStateMachine)</Name>
              <SequencePoints />
              <BranchPoints />
              <MethodPoint vc="0" uspid="262" ordinal="0" offset="0" />
            </Method>
          </Methods>
        </Class>
        <Class>
          <Summary numSequencePoints="16" visitedSequencePoints="0" numBranchPoints="1" visitedBranchPoints="0" sequenceCoverage="0" branchCoverage="0" maxCyclomaticComplexity="12" minCyclomaticComplexity="1" visitedClasses="0" numClasses="1" visitedMethods="0" numMethods="1" />
          <FullName>GitHub.Api.LoginManager/&lt;LoginViaOAuth&gt;d__13</FullName>
          <Methods>
            <Method visited="false" cyclomaticComplexity="1" nPathComplexity="0" sequenceCoverage="0" branchCoverage="0" isConstructor="true" isStatic="false" isGetter="false" isSetter="false">
              <Summary numSequencePoints="0" visitedSequencePoints="0" numBranchPoints="0" visitedBranchPoints="0" sequenceCoverage="0" branchCoverage="0" maxCyclomaticComplexity="1" minCyclomaticComplexity="1" visitedClasses="0" numClasses="0" visitedMethods="0" numMethods="0" />
              <MetadataToken>100663383</MetadataToken>
              <Name>System.Void GitHub.Api.LoginManager/&lt;LoginViaOAuth&gt;d__13::.ctor()</Name>
              <SequencePoints />
              <BranchPoints />
              <MethodPoint vc="0" uspid="263" ordinal="0" offset="0" />
            </Method>
            <Method visited="false" cyclomaticComplexity="12" nPathComplexity="0" sequenceCoverage="0" branchCoverage="0" isConstructor="false" isStatic="false" isGetter="false" isSetter="false">
              <Summary numSequencePoints="16" visitedSequencePoints="0" numBranchPoints="1" visitedBranchPoints="0" sequenceCoverage="0" branchCoverage="0" maxCyclomaticComplexity="12" minCyclomaticComplexity="12" visitedClasses="0" numClasses="0" visitedMethods="0" numMethods="1" />
              <MetadataToken>100663384</MetadataToken>
              <Name>System.Void GitHub.Api.LoginManager/&lt;LoginViaOAuth&gt;d__13::MoveNext()</Name>
              <FileRef uid="8" />
              <SequencePoints>
[...]
              <MetadataToken>100663416</MetadataToken>
              <Name>System.Void GitHub.Api.SimpleApiClient/&lt;IsEnterprise&gt;d__21::.ctor()</Name>
              <SequencePoints />
              <BranchPoints />
              <MethodPoint vc="7" uspid="710" ordinal="0" offset="0" />
            </Method>
            <Method visited="true" cyclomaticComplexity="6" nPathComplexity="4" sequenceCoverage="100" branchCoverage="80" isConstructor="false" isStatic="false" isGetter="false" isSetter="false">
              <Summary numSequencePoints="7" visitedSequencePoints="7" numBranchPoints="5" visitedBranchPoints="4" sequenceCoverage="100" branchCoverage="80" maxCyclomaticComplexity="6" minCyclomaticComplexity="6" visitedClasses="0" numClasses="0" visitedMethods="1" numMethods="1" />
              <MetadataToken>100663417</MetadataToken>
              <Name>System.Void GitHub.Api.SimpleApiClient/&lt;IsEnterprise&gt;d__21::MoveNext()</Name>
              <FileRef uid="21" />
              <SequencePoints>
                <SequencePoint vc="7" uspid="711" ordinal="0" offset="14" sl="103" sc="9" el="103" ec="10" bec="0" bev="0" fileid="21" />
                <SequencePoint vc="7" uspid="712" ordinal="1" offset="15" sl="104" sc="13" el="104" ec="40" bec="2" bev="2" fileid="21" />
                <SequencePoint vc="1" uspid="713" ordinal="2" offset="41" sl="105" sc="13" el="105" ec="14" bec="0" bev="0" fileid="21" />
                <SequencePoint vc="1" uspid="714" ordinal="3" offset="42" sl="106" sc="17" el="106" ec="61" bec="0" bev="0" fileid="21" />
                <SequencePoint vc="1" uspid="715" ordinal="4" offset="171" sl="107" sc="13" el="107" ec="14" bec="0" bev="0" fileid="21" />
                <SequencePoint vc="7" uspid="716" ordinal="5" offset="172" sl="109" sc="13" el="109" ec="42" bec="2" bev="1" fileid="21" />
                <SequencePoint vc="7" uspid="717" ordinal="6" offset="233" sl="110" sc="9" el="110" ec="10" bec="0" bev="0" fileid="21" />
              </SequencePoints>
              <BranchPoints>
                <BranchPoint vc="1" uspid="718" ordinal="0" offset="36" sl="104" path="0" offsetend="41" fileid="21" />
                <BranchPoint vc="6" uspid="719" ordinal="1" offset="36" sl="104" path="1" offsetend="172" fileid="21" />
                <BranchPoint vc="0" uspid="722" ordinal="4" offset="192" sl="109" path="0" offsetend="194" fileid="21" />
                <BranchPoint vc="7" uspid="723" ordinal="5" offset="192" sl="109" path="1" offsetend="197" fileid="21" />
              </BranchPoints>
              <MethodPoint vc="7" uspid="724" ordinal="0" offset="0" />
            </Method>
            <Method visited="false" cyclomaticComplexity="1" nPathComplexity="0" sequenceCoverage="0" branchCoverage="0" isConstructor="false" isStatic="false" isGetter="false" isSetter="false">
              <Summary numSequencePoints="0" visitedSequencePoints="0" numBranchPoints="0" visitedBranchPoints="0" sequenceCoverage="0" branchCoverage="0" maxCyclomaticComplexity="1" minCyclomaticComplexity="1" visitedClasses="0" numClasses="0" visitedMethods="0" numMethods="0" />
              <MetadataToken>100663418</MetadataToken>
              <Name>System.Void GitHub.Api.SimpleApiClient/&lt;IsEnterprise&gt;d__21::SetStateMachine(System.Runtime.CompilerServices.IAsyncStateMachine)</Name>
              <SequencePoints />
              <BranchPoints />
              <MethodPoint vc="0" uspid="725" ordinal="0" offset="0" />
            </Method>
          </Methods>
        </Class>
        <Class>
          <Summary numSequencePoints="12" visitedSequencePoints="11" numBranchPoints="5" visitedBranchPoints="4" sequenceCoverage="91.67" branchCoverage="80" maxCyclomaticComplexity="5" minCyclomaticComplexity="1" visitedClasses="1" numClasses="1" visitedMethods="1" numMethods="1" />
          <FullName>GitHub.Api.SimpleApiClient/&lt;HasWikiInternal&gt;d__22</FullName>
          <Methods>
            <Method visited="true" cyclomaticComplexity="1" nPathComplexity="0" sequenceCoverage="0" branchCoverage="0" isConstructor="true" isStatic="false" isGetter="false" isSetter="false">
              <Summary numSequencePoints="0" visitedSequencePoints="0" numBranchPoints="0" visitedBranchPoints="0" sequenceCoverage="0" branchCoverage="0" maxCyclomaticComplexity="1" minCyclomaticComplexity="1" visitedClasses="0" numClasses="0" visitedMethods="0" numMethods="0" />
              <MetadataToken>100663419</MetadataToken>
              <Name>System.Void GitHub.Api.SimpleApiClient/&lt;HasWikiInternal&gt;d__22::.ctor()</Name>
              <SequencePoints />
              <BranchPoints />
              <MethodPoint vc="8" uspid="726" ordinal="0" offset="0" />
            </Method>
            <Method visited="true" cyclomaticComplexity="5" nPathComplexity="4" sequenceCoverage="91.67" branchCoverage="80" isConstructor="false" isStatic="false" isGetter="false" isSetter="false">
              <Summary numSequencePoints="12" visitedSequencePoints="11" numBranchPoints="5" visitedBranchPoints="4" sequenceCoverage="91.67" branchCoverage="80" maxCyclomaticComplexity="5" minCyclomaticComplexity="5" visitedClasses="0" numClasses="0" visitedMethods="1" numMethods="1" />
              <MetadataToken>100663420</MetadataToken>
              <Name>System.Void GitHub.Api.SimpleApiClient/&lt;HasWikiInternal&gt;d__22::MoveNext()</Name>
              <FileRef uid="21" />
              <SequencePoints>
                <SequencePoint vc="8" uspid="727" ordinal="0" offset="17" sl="113" sc="9" el="113" ec="10" bec="0" bev="0" fileid="21" />
                <SequencePoint vc="8" uspid="728" ordinal="1" offset="18" sl="114" sc="13" el="114" ec="30" bec="2" bev="1" fileid="21" />
                <SequencePoint vc="0" uspid="729" ordinal="2" offset="31" sl="115" sc="17" el="115" ec="30" bec="0" bev="0" fileid="21" />
                <SequencePoint vc="8" uspid="730" ordinal="3" offset="38" sl="117" sc="13" el="117" ec="31" bec="2" bev="2" fileid="21" />
                <SequencePoint vc="2" uspid="731" ordinal="4" offset="56" sl="118" sc="13" el="118" ec="14" bec="0" bev="0" fileid="21" />
                <SequencePoint vc="2" uspid="732" ordinal="5" offset="57" sl="119" sc="17" el="119" ec="33" bec="0" bev="0" fileid="21" />
                <SequencePoint vc="2" uspid="733" ordinal="6" offset="74" sl="120" sc="17" el="120" ec="30" bec="0" bev="0" fileid="21" />
                <SequencePoint vc="6" uspid="734" ordinal="7" offset="81" sl="123" sc="13" el="123" ec="41" bec="0" bev="0" fileid="21" />
                <SequencePoint vc="6" uspid="735" ordinal="8" offset="103" sl="124" sc="13" el="124" ec="93" bec="0" bev="0" fileid="21" />
                <SequencePoint vc="6" uspid="736" ordinal="9" offset="123" sl="129" sc="13" el="129" ec="52" bec="0" bev="0" fileid="21" />
                <SequencePoint vc="6" uspid="737" ordinal="10" offset="248" sl="130" sc="13" el="130" ec="48" bec="0" bev="0" fileid="21" />
                <SequencePoint vc="8" uspid="738" ordinal="11" offset="286" sl="131" sc="9" el="131" ec="10" bec="0" bev="0" fileid="21" />
              </SequencePoints>
              <BranchPoints>
                <BranchPoint vc="0" uspid="739" ordinal="0" offset="29" sl="114" path="0" offsetend="31" fileid="21" />
                <BranchPoint vc="8" uspid="740" ordinal="1" offset="29" sl="114" path="1" offsetend="38" fileid="21" />
                <BranchPoint vc="2" uspid="741" ordinal="2" offset="54" sl="117" path="0" offsetend="56" fileid="21" />
                <BranchPoint vc="6" uspid="742" ordinal="3" offset="54" sl="117" path="1" offsetend="81" fileid="21" />
              </BranchPoints>
              <MethodPoint vc="8" uspid="745" ordinal="0" offset="0" />
            </Method>
            <Method visited="false" cyclomaticComplexity="1" nPathComplexity="0" sequenceCoverage="0" branchCoverage="0" isConstructor="false" isStatic="false" isGetter="false" isSetter="false">
              <Summary numSequencePoints="0" visitedSequencePoints="0" numBranchPoints="0" visitedBranchPoints="0" sequenceCoverage="0" branchCoverage="0" maxCyclomaticComplexity="1" minCyclomaticComplexity="1" visitedClasses="0" numClasses="0" visitedMethods="0" numMethods="0" />
              <MetadataToken>100663421</MetadataToken>
              <Name>System.Void GitHub.Api.SimpleApiClient/&lt;HasWikiInternal&gt;d__22::SetStateMachine(System.Runtime.CompilerServices.IAsyncStateMachine)</Name>
              <SequencePoints />
              <BranchPoints />
              <MethodPoint vc="0" uspid="746" ordinal="0" offset="0" />
            </Method>
          </Methods>
        </Class>
        <Class>
          <Summary numSequencePoints="8" visitedSequencePoints="8" numBranchPoints="3" visitedBranchPoints="3" sequenceCoverage="100" branchCoverage="100" maxCyclomaticComplexity="4" minCyclomaticComplexity="1" visitedClasses="1" numClasses="1" visitedMethods="1" numMethods="1" />
          <FullName>GitHub.Api.SimpleApiClient/&lt;IsEnterpriseInternal&gt;d__23</FullName>
          <Methods>
            <Method visited="true" cyclomaticComplexity="1" nPathComplexity="0" sequenceCoverage="0" branchCoverage="0" isConstructor="true" isStatic="false" isGetter="false" isSetter="false">
              <Summary numSequencePoints="0" visitedSequencePoints="0" numBranchPoints="0" visitedBranchPoints="0" sequenceCoverage="0" branchCoverage="0" maxCyclomaticComplexity="1" minCyclomaticComplexity="1" visitedClasses="0" numClasses="0" visitedMethods="0" numMethods="0" />
              <MetadataToken>100663422</MetadataToken>
              <Name>System.Void GitHub.Api.SimpleApiClient/&lt;IsEnterpriseInternal&gt;d__23::.ctor()</Name>
              <SequencePoints />
              <BranchPoints />
              <MethodPoint vc="9" uspid="747" ordinal="0" offset="0" />
            </Method>
            <Method visited="true" cyclomaticComplexity="4" nPathComplexity="2" sequenceCoverage="100" branchCoverage="100" isConstructor="false" isStatic="false" isGetter="false" isSetter="false">
              <Summary numSequencePoints="8" visitedSequencePoints="8" numBranchPoints="3" visitedBranchPoints="3" sequenceCoverage="100" branchCoverage="100" maxCyclomaticComplexity="4" minCyclomaticComplexity="4" visitedClasses="0" numClasses="0" visitedMethods="1" numMethods="1" />
              <MetadataToken>100663423</MetadataToken>
              <Name>System.Void GitHub.Api.SimpleApiClient/&lt;IsEnterpriseInternal&gt;d__23::MoveNext()</Name>
              <FileRef uid="21" />
              <SequencePoints>
                <SequencePoint vc="9" uspid="748" ordinal="0" offset="17" sl="134" sc="9" el="134" ec="10" bec="0" bev="0" fileid="21" />
                <SequencePoint vc="9" uspid="749" ordinal="1" offset="18" sl="135" sc="13" el="135" ec="68" bec="2" bev="2" fileid="21" />
                <SequencePoint vc="6" uspid="750" ordinal="2" offset="43" sl="136" sc="17" el="136" ec="30" bec="0" bev="0" fileid="21" />
                <SequencePoint vc="3" uspid="751" ordinal="3" offset="50" sl="138" sc="13" el="138" ec="47" bec="0" bev="0" fileid="21" />
                <SequencePoint vc="3" uspid="752" ordinal="4" offset="72" sl="139" sc="13" el="139" ec="99" bec="0" bev="0" fileid="21" />
                <SequencePoint vc="3" uspid="753" ordinal="5" offset="92" sl="144" sc="13" el="144" ec="61" bec="0" bev="0" fileid="21" />
                <SequencePoint vc="3" uspid="754" ordinal="6" offset="224" sl="145" sc="13" el="145" ec="54" bec="0" bev="0" fileid="21" />
                <SequencePoint vc="9" uspid="755" ordinal="7" offset="262" sl="146" sc="9" el="146" ec="10" bec="0" bev="0" fileid="21" />
              </SequencePoints>
              <BranchPoints>
                <BranchPoint vc="6" uspid="756" ordinal="0" offset="41" sl="135" path="0" offsetend="43" fileid="21" />
                <BranchPoint vc="3" uspid="757" ordinal="1" offset="41" sl="135" path="1" offsetend="50" fileid="21" />
              </BranchPoints>
              <MethodPoint vc="9" uspid="760" ordinal="0" offset="0" />
            </Method>
            <Method visited="false" cyclomaticComplexity="1" nPathComplexity="0" sequenceCoverage="0" branchCoverage="0" isConstructor="false" isStatic="false" isGetter="false" isSetter="false">
              <Summary numSequencePoints="0" visitedSequencePoints="0" numBranchPoints="0" visitedBranchPoints="0" sequenceCoverage="0" branchCoverage="0" maxCyclomaticComplexity="1" minCyclomaticComplexity="1" visitedClasses="0" numClasses="0" visitedMethods="0" numMethods="0" />
              <MetadataToken>100663424</MetadataToken>
              <Name>System.Void GitHub.Api.SimpleApiClient/&lt;IsEnterpriseInternal&gt;d__23::SetStateMachine(System.Runtime.CompilerServices.IAsyncStateMachine)</Name>
              <SequencePoints />
              <BranchPoints />
              <MethodPoint vc="0" uspid="761" ordinal="0" offset="0" />
            </Method>
          </Methods>
        </Class>
        <Class>
          <Summary numSequencePoints="17" visitedSequencePoints="17" numBranchPoints="4" visitedBranchPoints="4" sequenceCoverage="100" branchCoverage="100" maxCyclomaticComplexity="1" minCyclomaticComplexity="1" visitedClasses="1" numClasses="1" visitedMethods="4" numMethods="4" />
          <FullName>GitHub.Api.SimpleApiClientFactory</FullName>
          <Methods>
            <Method visited="true" cyclomaticComplexity="1" nPathComplexity="0" sequenceCoverage="100" branchCoverage="100" isConstructor="true" isStatic="false" isGetter="false" isSetter="false">
              <Summary numSequencePoints="7" visitedSequencePoints="7" numBranchPoints="1" visitedBranchPoints="1" sequenceCoverage="100" branchCoverage="100" maxCyclomaticComplexity="1" minCyclomaticComplexity="1" visitedClasses="0" numClasses="0" visitedMethods="1" numMethods="1" />
              <MetadataToken>100663366</MetadataToken>
              <Name>System.Void GitHub.Api.SimpleApiClientFactory::.ctor(GitHub.Models.IProgram,GitHub.Api.IKeychain,System.Lazy`1&lt;Octokit.IEnterpriseProbe&gt;,System.Lazy`1&lt;GitHub.Services.IWikiProbe&gt;)</Name>
              <FileRef uid="27" />
              <SequencePoints>
                <SequencePoint vc="2" uspid="762" ordinal="0" offset="0" sl="24" sc="9" el="28" ec="40" bec="0" bev="0" fileid="27" />
                <SequencePoint vc="2" uspid="763" ordinal="1" offset="7" sl="29" sc="9" el="29" ec="10" bec="0" bev="0" fileid="27" />
                <SequencePoint vc="2" uspid="764" ordinal="2" offset="8" sl="30" sc="13" el="30" ec="38" bec="0" bev="0" fileid="27" />
                <SequencePoint vc="2" uspid="765" ordinal="3" offset="15" sl="31" sc="13" el="31" ec="51" bec="0" bev="0" fileid="27" />
                <SequencePoint vc="2" uspid="766" ordinal="4" offset="27" sl="32" sc="13" el="32" ec="51" bec="0" bev="0" fileid="27" />
                <SequencePoint vc="2" uspid="767" ordinal="5" offset="34" sl="33" sc="13" el="33" ec="39" bec="0" bev="0" fileid="27" />
                <SequencePoint vc="2" uspid="768" ordinal="6" offset="42" sl="34" sc="9" el="34" ec="10" bec="0" bev="0" fileid="27" />
              </SequencePoints>
              <BranchPoints />
              <MethodPoint xsi:type="SequencePoint" vc="2" uspid="762" ordinal="0" offset="0" sl="24" sc="9" el="28" ec="40" bec="0" bev="0" fileid="27" />
            </Method>
            <Method visited="true" cyclomaticComplexity="1" nPathComplexity="0" sequenceCoverage="100" branchCoverage="100" isConstructor="false" isStatic="false" isGetter="false" isSetter="false">
              <Summary numSequencePoints="6" visitedSequencePoints="6" numBranchPoints="1" visitedBranchPoints="1" sequenceCoverage="100" branchCoverage="100" maxCyclomaticComplexity="1" minCyclomaticComplexity="1" visitedClasses="0" numClasses="0" visitedMethods="1" numMethods="1" />
              <MetadataToken>100663367</MetadataToken>
              <Name>System.Threading.Tasks.Task`1&lt;GitHub.Api.ISimpleApiClient&gt; GitHub.Api.SimpleApiClientFactory::Create(GitHub.Primitives.UriString)</Name>
              <FileRef uid="27" />
              <SequencePoints>
                <SequencePoint vc="4" uspid="769" ordinal="0" offset="0" sl="37" sc="9" el="37" ec="10" bec="0" bev="0" fileid="27" />
                <SequencePoint vc="4" uspid="770" ordinal="1" offset="1" sl="38" sc="13" el="38" ec="65" bec="0" bev="0" fileid="27" />
                <SequencePoint vc="4" uspid="771" ordinal="2" offset="13" sl="39" sc="13" el="39" ec="86" bec="0" bev="0" fileid="27" />
                <SequencePoint vc="4" uspid="772" ordinal="3" offset="26" sl="40" sc="13" el="42" ec="54" bec="0" bev="0" fileid="27" />
                <SequencePoint vc="4" uspid="773" ordinal="4" offset="74" sl="43" sc="13" el="43" ec="44" bec="0" bev="0" fileid="27" />
                <SequencePoint vc="4" uspid="774" ordinal="5" offset="83" sl="44" sc="9" el="44" ec="10" bec="0" bev="0" fileid="27" />
              </SequencePoints>
              <BranchPoints />
              <MethodPoint xsi:type="SequencePoint" vc="4" uspid="769" ordinal="0" offset="0" sl="37" sc="9" el="37" ec="10" bec="0" bev="0" fileid="27" />
            </Method>
            <Method visited="true" cyclomaticComplexity="1" nPathComplexity="0" sequenceCoverage="100" branchCoverage="100" isConstructor="false" isStatic="false" isGetter="false" isSetter="false">
              <Summary numSequencePoints="3" visitedSequencePoints="3" numBranchPoints="1" visitedBranchPoints="1" sequenceCoverage="100" branchCoverage="100" maxCyclomaticComplexity="1" minCyclomaticComplexity="1" visitedClasses="0" numClasses="0" visitedMethods="1" numMethods="1" />
              <MetadataToken>100663368</MetadataToken>
              <Name>System.Void GitHub.Api.SimpleApiClientFactory::ClearFromCache(GitHub.Api.ISimpleApiClient)</Name>
              <FileRef uid="27" />
              <SequencePoints>
                <SequencePoint vc="1" uspid="775" ordinal="0" offset="0" sl="47" sc="9" el="47" ec="10" bec="0" bev="0" fileid="27" />
                <SequencePoint vc="1" uspid="776" ordinal="1" offset="1" sl="49" sc="13" el="49" ec="56" bec="0" bev="0" fileid="27" />
                <SequencePoint vc="1" uspid="777" ordinal="2" offset="20" sl="50" sc="9" el="50" ec="10" bec="0" bev="0" fileid="27" />
              </SequencePoints>
              <BranchPoints />
              <MethodPoint xsi:type="SequencePoint" vc="1" uspid="775" ordinal="0" offset="0" sl="47" sc="9" el="47" ec="10" bec="0" bev="0" fileid="27" />
            </Method>
            <Method visited="true" cyclomaticComplexity="1" nPathComplexity="0" sequenceCoverage="100" branchCoverage="100" isConstructor="true" isStatic="true" isGetter="false" isSetter="false">
              <Summary numSequencePoints="1" visitedSequencePoints="1" numBranchPoints="1" visitedBranchPoints="1" sequenceCoverage="100" branchCoverage="100" maxCyclomaticComplexity="1" minCyclomaticComplexity="1" visitedClasses="0" numClasses="0" visitedMethods="1" numMethods="1" />
              <MetadataToken>100663369</MetadataToken>
              <Name>System.Void GitHub.Api.SimpleApiClientFactory::.cctor()</Name>
              <FileRef uid="27" />
              <SequencePoints>
                <SequencePoint vc="1" uspid="778" ordinal="0" offset="0" sl="21" sc="9" el="21" ec="139" bec="0" bev="0" fileid="27" />
              </SequencePoints>
              <BranchPoints />
              <MethodPoint xsi:type="SequencePoint" vc="1" uspid="778" ordinal="0" offset="0" sl="21" sc="9" el="21" ec="139" bec="0" bev="0" fileid="27" />
            </Method>
          </Methods>
        </Class>
      </Classes>
    </Module>
  </Modules>
</CoverageSession>