<?xml version="1.0" encoding="utf-8"?><test-results name="C:\dev\VisualStudio\src\UnitTests\bin\Release\UnitTests.dll" date="2014-12-15" time="15:43:47" total="4" failures="0" not-run="0"><test-suite name="C:\dev\VisualStudio\src\UnitTests\bin\Release\UnitTests.dll" success="True" time="0.697"><results><test-suite name="TodoTaggerTests+TheGetTagsMethod" success="True" time="0.697"><results><test-case name="TodoTaggerTests+TheGetTagsMethod.ParsesTodoTags(spanText: &quot;// TODO: foo bar&quot;)" executed="True" success="True" time="0.683" /><test-case name="TodoTaggerTests+TheGetTagsMethod.ParsesTodoTags(spanText: &quot;//TODO foo bar&quot;)" executed="True" success="True" time="0.003" /><test-case name="TodoTaggerTests+TheGetTagsMethod.ParsesTodoTags(spanText: &quot;// TODO foo bar&quot;)" executed="True" success="True" time="0.003" /><test-case name="TodoTaggerTests+TheGetTagsMethod.ParsesTodoTags(spanText: &quot;//TODO: foo bar&quot;)" executed="True" success="True" time="0.008" /></results></test-suite></results></test-suite></test-results>